This is pdfTeX, Version 3.141592653-2.6-1.40.25 (MiKTeX 24.1) (preloaded format=pdflatex 2025.9.24)  29 SEP 2025 01:08
entering extended mode
 restricted \write18 enabled.
 file:line:error style messages enabled.
 %&-line parsing enabled.
**c:/dev/TCC/Latex/main.tex
(c:/dev/TCC/Latex/main.tex
LaTeX2e <2023-11-01> patch level 1
L3 programming layer <2024-01-04>
(projetofinal-dcc.cls (C:\Users\eduar\AppData\Local\Programs\MiKTeX\tex/latex/xcolor\xcolor.sty
Package: xcolor 2023/11/15 v3.01 LaTeX color extensions (UK)
 (C:\Users\eduar\AppData\Local\Programs\MiKTeX\tex/latex/graphics-cfg\color.cfg
File: color.cfg 2016/01/02 v1.6 sample color configuration
)
Package xcolor Info: Driver file: pdftex.def on input line 274.
 (C:\Users\eduar\AppData\Local\Programs\MiKTeX\tex/latex/graphics-def\pdftex.def
File: pdftex.def 2022/09/22 v1.2b Graphics/color driver for pdftex
) (C:\Users\eduar\AppData\Local\Programs\MiKTeX\tex/latex/graphics\mathcolor.ltx)
Package xcolor Info: Model `cmy' substituted by `cmy0' on input line 1350.
Package xcolor Info: Model `hsb' substituted by `rgb' on input line 1354.
Package xcolor Info: Model `RGB' extended on input line 1366.
Package xcolor Info: Model `HTML' substituted by `rgb' on input line 1368.
Package xcolor Info: Model `Hsb' substituted by `hsb' on input line 1369.
Package xcolor Info: Model `tHsb' substituted by `hsb' on input line 1370.
Package xcolor Info: Model `HSB' substituted by `hsb' on input line 1371.
Package xcolor Info: Model `Gray' substituted by `gray' on input line 1372.
Package xcolor Info: Model `wave' substituted by `hsb' on input line 1373.
) (C:\Users\eduar\AppData\Local\Programs\MiKTeX\tex/latex/colortbl\colortbl.sty
Package: colortbl 2024/10/29 v1.0k Color table columns (DPC)
 (C:\Users\eduar\AppData\Local\Programs\MiKTeX\tex/latex/tools\array.sty
Package: array 2023/10/16 v2.5g Tabular extension package (FMi)
\col@sep=\dimen140
\ar@mcellbox=\box51
\extrarowheight=\dimen141
\NC@list=\toks17
\extratabsurround=\skip48
\backup@length=\skip49
\ar@cellbox=\box52
)
\everycr=\toks18
\minrowclearance=\skip50
\rownum=\count187
) (C:\Users\eduar\AppData\Local\Programs\MiKTeX\tex/generic/babel\babel.sty
Package: babel 2024/01/07 v24.1 The Babel package
\babel@savecnt=\count188
\U@D=\dimen142
\l@unhyphenated=\language79
 (C:\Users\eduar\AppData\Local\Programs\MiKTeX\tex/generic/babel\txtbabel.def)
\bbl@readstream=\read2
\bbl@dirlevel=\count189

*************************************
* Local config file bblopts.cfg used
*
(C:\Users\eduar\AppData\Local\Programs\MiKTeX\tex/latex/arabi\bblopts.cfg
File: bblopts.cfg 2005/09/08 v0.1 add Arabic and Farsi to "declared" options of babel
) (C:\Users\eduar\AppData\Local\Programs\MiKTeX\tex/latex/babel-english\english.ldf
Language: english 2017/06/06 v3.3r English support from the babel system
Package babel Info: Hyphen rules for 'canadian' set to \l@english
(babel)             (\language0). Reported on input line 102.
Package babel Info: Hyphen rules for 'australian' set to \l@ukenglish
(babel)             (\language73). Reported on input line 105.
Package babel Info: Hyphen rules for 'newzealand' set to \l@ukenglish
(babel)             (\language73). Reported on input line 108.
)) (C:\Users\eduar\AppData\Local\Programs\MiKTeX\tex/generic/babel/locale/en\babel-english.tex
Package babel Info: Importing font and identification data for english
(babel)             from babel-en.ini. Reported on input line 11.
) (C:\Users\eduar\AppData\Local\Programs\MiKTeX\tex/latex/biblatex\biblatex.sty
Package: biblatex 2023/03/05 v3.19 programmable bibliographies (PK/MW)
 (C:\Users\eduar\AppData\Local\Programs\MiKTeX\tex/generic/pdftexcmds\pdftexcmds.sty
Package: pdftexcmds 2020-06-27 v0.33 Utility functions of pdfTeX for LuaTeX (HO)
 (C:\Users\eduar\AppData\Local\Programs\MiKTeX\tex/generic/infwarerr\infwarerr.sty
Package: infwarerr 2019/12/03 v1.5 Providing info/warning/error messages (HO)
) (C:\Users\eduar\AppData\Local\Programs\MiKTeX\tex/generic/iftex\iftex.sty
Package: iftex 2022/02/03 v1.0f TeX engine tests
) (C:\Users\eduar\AppData\Local\Programs\MiKTeX\tex/generic/ltxcmds\ltxcmds.sty
Package: ltxcmds 2023-12-04 v1.26 LaTeX kernel commands for general use (HO)
)
Package pdftexcmds Info: \pdf@primitive is available.
Package pdftexcmds Info: \pdf@ifprimitive is available.
Package pdftexcmds Info: \pdfdraftmode found.
) (C:\Users\eduar\AppData\Local\Programs\MiKTeX\tex/latex/etoolbox\etoolbox.sty
Package: etoolbox 2020/10/05 v2.5k e-TeX tools for LaTeX (JAW)
\etb@tempcnta=\count190
) (C:\Users\eduar\AppData\Local\Programs\MiKTeX\tex/latex/graphics\keyval.sty
Package: keyval 2022/05/29 v1.15 key=value parser (DPC)
\KV@toks@=\toks19
) (C:\Users\eduar\AppData\Local\Programs\MiKTeX\tex/latex/kvoptions\kvoptions.sty
Package: kvoptions 2022-06-15 v3.15 Key value format for package options (HO)
 (C:\Users\eduar\AppData\Local\Programs\MiKTeX\tex/latex/kvsetkeys\kvsetkeys.sty
Package: kvsetkeys 2022-10-05 v1.19 Key value parser (HO)
)) (C:\Users\eduar\AppData\Local\Programs\MiKTeX\tex/latex/logreq\logreq.sty
Package: logreq 2010/08/04 v1.0 xml request logger
\lrq@indent=\count191
 (C:\Users\eduar\AppData\Local\Programs\MiKTeX\tex/latex/logreq\logreq.def
File: logreq.def 2010/08/04 v1.0 logreq spec v1.0
)) (C:\Users\eduar\AppData\Local\Programs\MiKTeX\tex/latex/base\ifthen.sty
Package: ifthen 2022/04/13 v1.1d Standard LaTeX ifthen package (DPC)
) (C:\Users\eduar\AppData\Local\Programs\MiKTeX\tex/latex/url\url.sty
\Urlmuskip=\muskip16
Package: url 2013/09/16  ver 3.4  Verb mode for urls, etc.
)
\c@tabx@nest=\count192
\c@listtotal=\count193
\c@listcount=\count194
\c@liststart=\count195
\c@liststop=\count196
\c@citecount=\count197
\c@citetotal=\count198
\c@multicitecount=\count199
\c@multicitetotal=\count266
\c@instcount=\count267
\c@maxnames=\count268
\c@minnames=\count269
\c@maxitems=\count270
\c@minitems=\count271
\c@citecounter=\count272
\c@maxcitecounter=\count273
\c@savedcitecounter=\count274
\c@uniquelist=\count275
\c@uniquename=\count276
\c@refsection=\count277
\c@refsegment=\count278
\c@maxextratitle=\count279
\c@maxextratitleyear=\count280
\c@maxextraname=\count281
\c@maxextradate=\count282
\c@maxextraalpha=\count283
\c@abbrvpenalty=\count284
\c@highnamepenalty=\count285
\c@lownamepenalty=\count286
\c@maxparens=\count287
\c@parenlevel=\count288
\blx@tempcnta=\count289
\blx@tempcntb=\count290
\blx@tempcntc=\count291
\c@blx@maxsection=\count292
\blx@maxsegment@0=\count293
\blx@notetype=\count294
\blx@parenlevel@text=\count295
\blx@parenlevel@foot=\count296
\blx@sectionciteorder@0=\count297
\blx@sectionciteorderinternal@0=\count298
\blx@entrysetcounter=\count299
\blx@biblioinstance=\count300
\labelnumberwidth=\skip51
\labelalphawidth=\skip52
\biblabelsep=\skip53
\bibitemsep=\skip54
\bibnamesep=\skip55
\bibinitsep=\skip56
\bibparsep=\skip57
\bibhang=\skip58
\blx@bcfin=\read3
\blx@bcfout=\write3
\blx@langwohyphens=\language80
\c@mincomprange=\count301
\c@maxcomprange=\count302
\c@mincompwidth=\count303
Package biblatex Info: Trying to load biblatex default data model...
Package biblatex Info: ... file 'blx-dm.def' found.
 (C:\Users\eduar\AppData\Local\Programs\MiKTeX\tex/latex/biblatex\blx-dm.def
File: blx-dm.def 2023/03/05 v3.19 biblatex localization (PK/MW)
)
Package biblatex Info: Trying to load biblatex style data model...
Package biblatex Info: ... file 'alphabetic.dbx' not found.
Package biblatex Info: Trying to load biblatex custom data model...
Package biblatex Info: ... file 'biblatex-dm.cfg' not found.
\c@afterword=\count304
\c@savedafterword=\count305
\c@annotator=\count306
\c@savedannotator=\count307
\c@author=\count308
\c@savedauthor=\count309
\c@bookauthor=\count310
\c@savedbookauthor=\count311
\c@commentator=\count312
\c@savedcommentator=\count313
\c@editor=\count314
\c@savededitor=\count315
\c@editora=\count316
\c@savededitora=\count317
\c@editorb=\count318
\c@savededitorb=\count319
\c@editorc=\count320
\c@savededitorc=\count321
\c@foreword=\count322
\c@savedforeword=\count323
\c@holder=\count324
\c@savedholder=\count325
\c@introduction=\count326
\c@savedintroduction=\count327
\c@namea=\count328
\c@savednamea=\count329
\c@nameb=\count330
\c@savednameb=\count331
\c@namec=\count332
\c@savednamec=\count333
\c@translator=\count334
\c@savedtranslator=\count335
\c@shortauthor=\count336
\c@savedshortauthor=\count337
\c@shorteditor=\count338
\c@savedshorteditor=\count339
\c@labelname=\count340
\c@savedlabelname=\count341
\c@institution=\count342
\c@savedinstitution=\count343
\c@lista=\count344
\c@savedlista=\count345
\c@listb=\count346
\c@savedlistb=\count347
\c@listc=\count348
\c@savedlistc=\count349
\c@listd=\count350
\c@savedlistd=\count351
\c@liste=\count352
\c@savedliste=\count353
\c@listf=\count354
\c@savedlistf=\count355
\c@location=\count356
\c@savedlocation=\count357
\c@organization=\count358
\c@savedorganization=\count359
\c@origlocation=\count360
\c@savedoriglocation=\count361
\c@origpublisher=\count362
\c@savedorigpublisher=\count363
\c@publisher=\count364
\c@savedpublisher=\count365
\c@language=\count366
\c@savedlanguage=\count367
\c@origlanguage=\count368
\c@savedoriglanguage=\count369
\c@pageref=\count370
\c@savedpageref=\count371
\shorthandwidth=\skip59
\shortjournalwidth=\skip60
\shortserieswidth=\skip61
\shorttitlewidth=\skip62
\shortauthorwidth=\skip63
\shorteditorwidth=\skip64
\locallabelnumberwidth=\skip65
\locallabelalphawidth=\skip66
\localshorthandwidth=\skip67
\localshortjournalwidth=\skip68
\localshortserieswidth=\skip69
\localshorttitlewidth=\skip70
\localshortauthorwidth=\skip71
\localshorteditorwidth=\skip72
Package biblatex Info: Trying to load compatibility code...
Package biblatex Info: ... file 'blx-compat.def' found.
 (C:\Users\eduar\AppData\Local\Programs\MiKTeX\tex/latex/biblatex\blx-compat.def
File: blx-compat.def 2023/03/05 v3.19 biblatex compatibility (PK/MW)
)
Package biblatex Info: Trying to load generic definitions...
Package biblatex Info: ... file 'biblatex.def' found.
 (C:\Users\eduar\AppData\Local\Programs\MiKTeX\tex/latex/biblatex\biblatex.def
File: biblatex.def 2023/03/05 v3.19 biblatex compatibility (PK/MW)
\c@textcitecount=\count372
\c@textcitetotal=\count373
\c@textcitemaxnames=\count374
\c@biburlbigbreakpenalty=\count375
\c@biburlbreakpenalty=\count376
\c@biburlnumpenalty=\count377
\c@biburlucpenalty=\count378
\c@biburllcpenalty=\count379
\biburlbigskip=\muskip17
\biburlnumskip=\muskip18
\biburlucskip=\muskip19
\biburllcskip=\muskip20
\c@smartand=\count380
)
Package biblatex Info: Trying to load bibliography style 'alphabetic'...
Package biblatex Info: ... file 'alphabetic.bbx' found.
 (C:\Users\eduar\AppData\Local\Programs\MiKTeX\tex/latex/biblatex/bbx\alphabetic.bbx
File: alphabetic.bbx 2023/03/05 v3.19 biblatex bibliography style (PK/MW)
Package biblatex Info: Trying to load bibliography style 'standard'...
Package biblatex Info: ... file 'standard.bbx' found.
 (C:\Users\eduar\AppData\Local\Programs\MiKTeX\tex/latex/biblatex/bbx\standard.bbx
File: standard.bbx 2023/03/05 v3.19 biblatex bibliography style (PK/MW)
\c@bbx:relatedcount=\count381
\c@bbx:relatedtotal=\count382
))
Package biblatex Info: Trying to load citation style 'alphabetic'...
Package biblatex Info: ... file 'alphabetic.cbx' found.
 (C:\Users\eduar\AppData\Local\Programs\MiKTeX\tex/latex/biblatex/cbx\alphabetic.cbx
File: alphabetic.cbx 2023/03/05 v3.19 biblatex citation style (PK/MW)
Package biblatex Info: Redefining '\cite'.
Package biblatex Info: Redefining '\parencite'.
Package biblatex Info: Redefining '\footcite'.
Package biblatex Info: Redefining '\footcitetext'.
Package biblatex Info: Redefining '\smartcite'.
Package biblatex Info: Redefining '\textcite'.
Package biblatex Info: Redefining '\textcites'.
Package biblatex Info: Redefining '\cites'.
Package biblatex Info: Redefining '\parencites'.
Package biblatex Info: Redefining '\smartcites'.
)
Package biblatex Info: Trying to load configuration file...
Package biblatex Info: ... file 'biblatex.cfg' found.
 (C:\Users\eduar\AppData\Local\Programs\MiKTeX\tex/latex/biblatex\biblatex.cfg
File: biblatex.cfg 
)
Package biblatex Info: Input encoding 'utf8' detected.
Package biblatex Info: Document encoding is UTF8 ....
 (C:\Users\eduar\AppData\Local\Programs\MiKTeX\tex/latex/l3kernel\expl3.sty
Package: expl3 2024-01-04 L3 programming layer (loader) 
 (C:\Users\eduar\AppData\Local\Programs\MiKTeX\tex/latex/l3backend\l3backend-pdftex.def
File: l3backend-pdftex.def 2024-01-04 L3 backend support: PDF output (pdfTeX)
\l__color_backend_stack_int=\count383
\l__pdf_internal_box=\box53
))
Package biblatex Info: ... and expl3
(biblatex)             2024-01-04 L3 programming layer (loader) 
(biblatex)             is new enough (at least 2020/04/06),
(biblatex)             setting 'casechanger=expl3'.
 (C:\Users\eduar\AppData\Local\Programs\MiKTeX\tex/latex/biblatex\blx-case-expl3.sty (C:\Users\eduar\AppData\Local\Programs\MiKTeX\tex/latex/l3packages/xparse\xparse.sty
Package: xparse 2023-10-10 L3 Experimental document command parser
)
Package: blx-case-expl3 2023/03/05 v3.19 expl3 case changing code for biblatex
))
Document Class: projetofinal-dcc 2018/05/01 v1.0.0 Formatacao de documentos para o projeto final do DCC/UFRJ
(C:\Users\eduar\AppData\Local\Programs\MiKTeX\tex/latex/base\report.cls
Document Class: report 2023/05/17 v1.4n Standard LaTeX document class
(C:\Users\eduar\AppData\Local\Programs\MiKTeX\tex/latex/base\size12.clo
File: size12.clo 2023/05/17 v1.4n Standard LaTeX file (size option)
)
\c@part=\count384
\c@chapter=\count385
\c@section=\count386
\c@subsection=\count387
\c@subsubsection=\count388
\c@paragraph=\count389
\c@subparagraph=\count390
\c@figure=\count391
\c@table=\count392
\abovecaptionskip=\skip73
\belowcaptionskip=\skip74
\bibindent=\dimen143
) (C:\Users\eduar\AppData\Local\Programs\MiKTeX\tex/latex/base\inputenc.sty
Package: inputenc 2021/02/14 v1.3d Input encoding file
\inpenc@prehook=\toks20
\inpenc@posthook=\toks21
) (C:\Users\eduar\AppData\Local\Programs\MiKTeX\tex/latex/base\fontenc.sty
Package: fontenc 2021/04/29 v2.0v Standard LaTeX package
) (C:\Users\eduar\AppData\Local\Programs\MiKTeX\tex/latex/tools\indentfirst.sty
Package: indentfirst 2023/07/02 v1.03 Indent first paragraph (DPC)
) (C:\Users\eduar\AppData\Local\Programs\MiKTeX\tex/latex/graphics\graphicx.sty
Package: graphicx 2021/09/16 v1.2d Enhanced LaTeX Graphics (DPC,SPQR)
 (C:\Users\eduar\AppData\Local\Programs\MiKTeX\tex/latex/graphics\graphics.sty
Package: graphics 2022/03/10 v1.4e Standard LaTeX Graphics (DPC,SPQR)
 (C:\Users\eduar\AppData\Local\Programs\MiKTeX\tex/latex/graphics\trig.sty
Package: trig 2021/08/11 v1.11 sin cos tan (DPC)
) (C:\Users\eduar\AppData\Local\Programs\MiKTeX\tex/latex/graphics-cfg\graphics.cfg
File: graphics.cfg 2016/06/04 v1.11 sample graphics configuration
)
Package graphics Info: Driver file: pdftex.def on input line 107.
)
\Gin@req@height=\dimen144
\Gin@req@width=\dimen145
) (C:\Users\eduar\AppData\Local\Programs\MiKTeX\tex/latex/amsmath\amsmath.sty
Package: amsmath 2023/05/13 v2.17o AMS math features
\@mathmargin=\skip75

For additional information on amsmath, use the `?' option.
(C:\Users\eduar\AppData\Local\Programs\MiKTeX\tex/latex/amsmath\amstext.sty
Package: amstext 2021/08/26 v2.01 AMS text
 (C:\Users\eduar\AppData\Local\Programs\MiKTeX\tex/latex/amsmath\amsgen.sty
File: amsgen.sty 1999/11/30 v2.0 generic functions
\@emptytoks=\toks22
\ex@=\dimen146
)) (C:\Users\eduar\AppData\Local\Programs\MiKTeX\tex/latex/amsmath\amsbsy.sty
Package: amsbsy 1999/11/29 v1.2d Bold Symbols
\pmbraise@=\dimen147
) (C:\Users\eduar\AppData\Local\Programs\MiKTeX\tex/latex/amsmath\amsopn.sty
Package: amsopn 2022/04/08 v2.04 operator names
)
\inf@bad=\count393
LaTeX Info: Redefining \frac on input line 234.
\uproot@=\count394
\leftroot@=\count395
LaTeX Info: Redefining \overline on input line 399.
LaTeX Info: Redefining \colon on input line 410.
\classnum@=\count396
\DOTSCASE@=\count397
LaTeX Info: Redefining \ldots on input line 496.
LaTeX Info: Redefining \dots on input line 499.
LaTeX Info: Redefining \cdots on input line 620.
\Mathstrutbox@=\box54
\strutbox@=\box55
LaTeX Info: Redefining \big on input line 722.
LaTeX Info: Redefining \Big on input line 723.
LaTeX Info: Redefining \bigg on input line 724.
LaTeX Info: Redefining \Bigg on input line 725.
\big@size=\dimen148
LaTeX Font Info:    Redeclaring font encoding OML on input line 743.
LaTeX Font Info:    Redeclaring font encoding OMS on input line 744.
\macc@depth=\count398
LaTeX Info: Redefining \bmod on input line 905.
LaTeX Info: Redefining \pmod on input line 910.
LaTeX Info: Redefining \smash on input line 940.
LaTeX Info: Redefining \relbar on input line 970.
LaTeX Info: Redefining \Relbar on input line 971.
\c@MaxMatrixCols=\count399
\dotsspace@=\muskip21
\c@parentequation=\count400
\dspbrk@lvl=\count401
\tag@help=\toks23
\row@=\count402
\column@=\count403
\maxfields@=\count404
\andhelp@=\toks24
\eqnshift@=\dimen149
\alignsep@=\dimen150
\tagshift@=\dimen151
\tagwidth@=\dimen152
\totwidth@=\dimen153
\lineht@=\dimen154
\@envbody=\toks25
\multlinegap=\skip76
\multlinetaggap=\skip77
\mathdisplay@stack=\toks26
LaTeX Info: Redefining \[ on input line 2953.
LaTeX Info: Redefining \] on input line 2954.
) (C:\Users\eduar\AppData\Local\Programs\MiKTeX\tex/latex/hyperref\hyperref.sty
Package: hyperref 2023-11-26 v7.01g Hypertext links for LaTeX
 (C:\Users\eduar\AppData\Local\Programs\MiKTeX\tex/generic/kvdefinekeys\kvdefinekeys.sty
Package: kvdefinekeys 2019-12-19 v1.6 Define keys (HO)
) (C:\Users\eduar\AppData\Local\Programs\MiKTeX\tex/generic/pdfescape\pdfescape.sty
Package: pdfescape 2019/12/09 v1.15 Implements pdfTeX's escape features (HO)
) (C:\Users\eduar\AppData\Local\Programs\MiKTeX\tex/latex/hycolor\hycolor.sty
Package: hycolor 2020-01-27 v1.10 Color options for hyperref/bookmark (HO)
) (C:\Users\eduar\AppData\Local\Programs\MiKTeX\tex/latex/letltxmacro\letltxmacro.sty
Package: letltxmacro 2019/12/03 v1.6 Let assignment for LaTeX macros (HO)
) (C:\Users\eduar\AppData\Local\Programs\MiKTeX\tex/latex/auxhook\auxhook.sty
Package: auxhook 2019-12-17 v1.6 Hooks for auxiliary files (HO)
) (C:\Users\eduar\AppData\Local\Programs\MiKTeX\tex/latex/hyperref\nameref.sty
Package: nameref 2023-11-26 v2.56 Cross-referencing by name of section
 (C:\Users\eduar\AppData\Local\Programs\MiKTeX\tex/latex/refcount\refcount.sty
Package: refcount 2019/12/15 v3.6 Data extraction from label references (HO)
) (C:\Users\eduar\AppData\Local\Programs\MiKTeX\tex/generic/gettitlestring\gettitlestring.sty
Package: gettitlestring 2019/12/15 v1.6 Cleanup title references (HO)
)
\c@section@level=\count405
)
\@linkdim=\dimen155
\Hy@linkcounter=\count406
\Hy@pagecounter=\count407
 (C:\Users\eduar\AppData\Local\Programs\MiKTeX\tex/latex/hyperref\pd1enc.def
File: pd1enc.def 2023-11-26 v7.01g Hyperref: PDFDocEncoding definition (HO)
Now handling font encoding PD1 ...
... no UTF-8 mapping file for font encoding PD1
) (C:\Users\eduar\AppData\Local\Programs\MiKTeX\tex/generic/intcalc\intcalc.sty
Package: intcalc 2019/12/15 v1.3 Expandable calculations with integers (HO)
)
\Hy@SavedSpaceFactor=\count408
 (C:\Users\eduar\AppData\Local\Programs\MiKTeX\tex/latex/hyperref\puenc.def
File: puenc.def 2023-11-26 v7.01g Hyperref: PDF Unicode definition (HO)
Now handling font encoding PU ...
... no UTF-8 mapping file for font encoding PU
)
Package hyperref Info: Hyper figures OFF on input line 4181.
Package hyperref Info: Link nesting OFF on input line 4186.
Package hyperref Info: Hyper index ON on input line 4189.
Package hyperref Info: Plain pages OFF on input line 4196.
Package hyperref Info: Backreferencing OFF on input line 4201.
Package hyperref Info: Implicit mode ON; LaTeX internals redefined.
Package hyperref Info: Bookmarks ON on input line 4448.
\c@Hy@tempcnt=\count409
LaTeX Info: Redefining \url on input line 4786.
\XeTeXLinkMargin=\dimen156
 (C:\Users\eduar\AppData\Local\Programs\MiKTeX\tex/generic/bitset\bitset.sty
Package: bitset 2019/12/09 v1.3 Handle bit-vector datatype (HO)
 (C:\Users\eduar\AppData\Local\Programs\MiKTeX\tex/generic/bigintcalc\bigintcalc.sty
Package: bigintcalc 2019/12/15 v1.5 Expandable calculations on big integers (HO)
))
\Fld@menulength=\count410
\Field@Width=\dimen157
\Fld@charsize=\dimen158
Package hyperref Info: Hyper figures OFF on input line 6065.
Package hyperref Info: Link nesting OFF on input line 6070.
Package hyperref Info: Hyper index ON on input line 6073.
Package hyperref Info: backreferencing OFF on input line 6080.
Package hyperref Info: Link coloring OFF on input line 6085.
Package hyperref Info: Link coloring with OCG OFF on input line 6090.
Package hyperref Info: PDF/A mode OFF on input line 6095.
 (C:\Users\eduar\AppData\Local\Programs\MiKTeX\tex/latex/base\atbegshi-ltx.sty
Package: atbegshi-ltx 2021/01/10 v1.0c Emulation of the original atbegshi
package with kernel methods
)
\Hy@abspage=\count411
\c@Item=\count412
\c@Hfootnote=\count413
)
Package hyperref Info: Driver (autodetected): hpdftex.
 (C:\Users\eduar\AppData\Local\Programs\MiKTeX\tex/latex/hyperref\hpdftex.def
File: hpdftex.def 2023-11-26 v7.01g Hyperref driver for pdfTeX
 (C:\Users\eduar\AppData\Local\Programs\MiKTeX\tex/latex/base\atveryend-ltx.sty
Package: atveryend-ltx 2020/08/19 v1.0a Emulation of the original atveryend package
with kernel methods
)
\Fld@listcount=\count414
\c@bookmark@seq@number=\count415
 (C:\Users\eduar\AppData\Local\Programs\MiKTeX\tex/latex/rerunfilecheck\rerunfilecheck.sty
Package: rerunfilecheck 2025-06-21 v1.11 Rerun checks for auxiliary files (HO)
 (C:\Users\eduar\AppData\Local\Programs\MiKTeX\tex/generic/uniquecounter\uniquecounter.sty
Package: uniquecounter 2019/12/15 v1.4 Provide unlimited unique counter (HO)
)
Package uniquecounter Info: New unique counter `rerunfilecheck' on input line 284.
)
\Hy@SectionHShift=\skip78
) (C:\Users\eduar\AppData\Local\Programs\MiKTeX\tex/latex/fancyhdr\fancyhdr.sty
Package: fancyhdr 2025/02/07 v5.2 Extensive control of page headers and footers
\f@nch@headwidth=\skip79
\f@nch@offset@elh=\skip80
\f@nch@offset@erh=\skip81
\f@nch@offset@olh=\skip82
\f@nch@offset@orh=\skip83
\f@nch@offset@elf=\skip84
\f@nch@offset@erf=\skip85
\f@nch@offset@olf=\skip86
\f@nch@offset@orf=\skip87
\f@nch@height=\skip88
\f@nch@footalignment=\skip89
\f@nch@widthL=\skip90
\f@nch@widthC=\skip91
\f@nch@widthR=\skip92
\@temptokenb=\toks27
) (iidefs.sty
Package: iidefs 
) (C:\Users\eduar\AppData\Local\Programs\MiKTeX\tex/latex/listings\listings.sty
\lst@mode=\count416
\lst@gtempboxa=\box56
\lst@token=\toks28
\lst@length=\count417
\lst@currlwidth=\dimen159
\lst@column=\count418
\lst@pos=\count419
\lst@lostspace=\dimen160
\lst@width=\dimen161
\lst@newlines=\count420
\lst@lineno=\count421
\lst@maxwidth=\dimen162
 (C:\Users\eduar\AppData\Local\Programs\MiKTeX\tex/latex/listings\lstmisc.sty
File: lstmisc.sty 2023/02/27 1.9 (Carsten Heinz)
\c@lstnumber=\count422
\lst@skipnumbers=\count423
\lst@framebox=\box57
) (C:\Users\eduar\AppData\Local\Programs\MiKTeX\tex/latex/listings\listings.cfg
File: listings.cfg 2023/02/27 1.9 listings configuration
))
Package: listings 2023/02/27 1.9 (Carsten Heinz)
 (C:\Users\eduar\AppData\Local\Programs\MiKTeX\tex/latex/appendix\appendix.sty
Package: appendix 2020/02/08 v1.2c extra appendix facilities
\c@@pps=\count424
\c@@ppsavesec=\count425
\c@@ppsaveapp=\count426
) (C:\Users\eduar\AppData\Local\Programs\MiKTeX\tex/latex/enumitem\enumitem.sty
Package: enumitem 2025/02/06 v3.11 Customized lists
\labelindent=\skip93
\enit@outerparindent=\dimen163
\enit@toks=\toks29
\enit@inbox=\box58
\enit@count@id=\count427
\enitdp@description=\count428
) (C:\Users\eduar\AppData\Local\Programs\MiKTeX\tex/latex/caption\caption.sty
Package: caption 2023/08/05 v3.6o Customizing captions (AR)
 (C:\Users\eduar\AppData\Local\Programs\MiKTeX\tex/latex/caption\caption3.sty
Package: caption3 2023/07/31 v2.4d caption3 kernel (AR)
\caption@tempdima=\dimen164
\captionmargin=\dimen165
\caption@leftmargin=\dimen166
\caption@rightmargin=\dimen167
\caption@width=\dimen168
\caption@indent=\dimen169
\caption@parindent=\dimen170
\caption@hangindent=\dimen171
Package caption Info: Standard document class detected.
)
\c@caption@flags=\count429
\c@continuedfloat=\count430
Package caption Info: hyperref package is loaded.
Package caption Info: listings package is loaded.
) (C:\Users\eduar\AppData\Local\Programs\MiKTeX\tex/latex/float\float.sty
Package: float 2001/11/08 v1.3d Float enhancements (AL)
\c@float@type=\count431
\float@exts=\toks30
\float@box=\box59
\@float@everytoks=\toks31
\@floatcapt=\box60
) (C:\Users\eduar\AppData\Local\Programs\MiKTeX\tex/latex/wrapfig\wrapfig.sty
\wrapoverhang=\dimen172
\WF@size=\dimen173
\c@WF@wrappedlines=\count432
\WF@box=\box61
\WF@everypar=\toks32
Package: wrapfig 2003/01/31  v 3.6
)
\c@ii@authorcount=\count433
\c@ii@bancacount=\count434
\titlepagewinwidth=\skip94
\titlepagewinheight=\skip95
\titlepagewinvoffset=\skip96
 (tocstyle.sty
Package: tocstyle 2020/06/06 v0.2k-alpha deprecated package (versatile toc styles)


Package tocstyle Warning: THIS IS A DEPRECATED ALPHA VERSION!
(tocstyle)                USAGE OF THIS VERSION IS ON YOUR OWN RISK!
(tocstyle)                EVERYTHING MAY HAPPEN!
(tocstyle)                THE PACKAGE IS FROZEN WITH ALL IT'S BUGS!
(tocstyle)                THERE IS NO SUPPORT, IF YOU USE THIS PACKAGE!
(tocstyle)                Maybe it would be better, not to load this package.

\tocstyle@indentstyle=\count435
Package tocstyle Info: no tocstyle.cfg found on input line 949.
)
exclude: 
exclude: 
exclude: 
exclude: 
exclude: 
exclude: 
exclude: 
exclude: 
(C:\Users\eduar\AppData\Local\Programs\MiKTeX\tex/latex/chngcntr\chngcntr.sty
Package: chngcntr 2018/04/09 v1.1a change counter resetting
Package chngcntr Info: \counterwithout already defined.
(chngcntr)             Quitting chngcntr on input line 21.
)) (C:\Users\eduar\AppData\Local\Programs\MiKTeX\tex/latex/amsfonts\amsfonts.sty
Package: amsfonts 2013/01/14 v3.01 Basic AMSFonts support
\symAMSa=\mathgroup4
\symAMSb=\mathgroup5
LaTeX Font Info:    Redeclaring math symbol \hbar on input line 98.
LaTeX Font Info:    Overwriting math alphabet `\mathfrak' in version `bold'
(Font)                  U/euf/m/n --> U/euf/b/n on input line 106.
) (C:\Users\eduar\AppData\Local\Programs\MiKTeX\tex/latex/amsfonts\amssymb.sty
Package: amssymb 2013/01/14 v3.01 AMS font symbols
) (C:\Users\eduar\AppData\Local\Programs\MiKTeX\tex/latex/amscls\amsthm.sty
Package: amsthm 2020/05/29 v2.20.6
\thm@style=\toks33
\thm@bodyfont=\toks34
\thm@headfont=\toks35
\thm@notefont=\toks36
\thm@headpunct=\toks37
\thm@preskip=\skip97
\thm@postskip=\skip98
\thm@headsep=\skip99
\dth@everypar=\toks38
) (C:\Users\eduar\AppData\Local\Programs\MiKTeX\tex/latex/algorithms\algorithm.sty
Package: algorithm 2009/08/24 v0.1 Document Style `algorithm' - floating environment
\@float@every@algorithm=\toks39
\c@algorithm=\count436
) (C:\Users\eduar\AppData\Local\Programs\MiKTeX\tex/latex/algorithmicx\algpseudocode.sty
Package: algpseudocode 
 (C:\Users\eduar\AppData\Local\Programs\MiKTeX\tex/latex/algorithmicx\algorithmicx.sty
Package: algorithmicx 2005/04/27 v1.2 Algorithmicx

Document Style algorithmicx 1.2 - a greatly improved `algorithmic' style
\c@ALG@line=\count437
\c@ALG@rem=\count438
\c@ALG@nested=\count439
\ALG@tlm=\skip100
\ALG@thistlm=\skip101
\c@ALG@Lnr=\count440
\c@ALG@blocknr=\count441
\c@ALG@storecount=\count442
\c@ALG@tmpcounter=\count443
\ALG@tmplength=\skip102
)
Document Style - pseudocode environments for use with the `algorithmicx' style
) (C:\Users\eduar\AppData\Local\Programs\MiKTeX\tex/latex/subfig\subfig.sty
Package: subfig 2005/06/28 ver: 1.3 subfig package
\c@KVtest=\count444
\sf@farskip=\skip103
\sf@captopadj=\dimen174
\sf@capskip=\skip104
\sf@nearskip=\skip105
\c@subfigure=\count445
\c@subfigure@save=\count446
\c@lofdepth=\count447
\c@subtable=\count448
\c@subtable@save=\count449
\c@lotdepth=\count450
\sf@top=\skip106
\sf@bottom=\skip107
) (listings-glsl.prf (C:\Users\eduar\AppData\Local\Programs\MiKTeX\tex/latex/listings\lstmisc.sty
File: lstmisc.sty 2023/02/27 1.9 (Carsten Heinz)
))

Package biblatex Warning: Load 'inputenc' before biblatex.


Package biblatex Warning: 'babel/polyglossia' detected but 'csquotes' missing.
(biblatex)                Loading 'csquotes' recommended.

\@quotelevel=\count451
\@quotereset=\count452
(main.aux

LaTeX Warning: Label `fig:internet' multiply defined.


LaTeX Warning: Label `fig:internet' multiply defined.


LaTeX Warning: Label `alg:marchray' multiply defined.


LaTeX Warning: Label `eq:example_equation' multiply defined.


LaTeX Warning: Label `{lst:Displacement} float' multiply defined.

)
\openout1 = `main.aux'.

LaTeX Font Info:    Checking defaults for OML/cmm/m/it on input line 71.
LaTeX Font Info:    ... okay on input line 71.
LaTeX Font Info:    Checking defaults for OMS/cmsy/m/n on input line 71.
LaTeX Font Info:    ... okay on input line 71.
LaTeX Font Info:    Checking defaults for OT1/cmr/m/n on input line 71.
LaTeX Font Info:    ... okay on input line 71.
LaTeX Font Info:    Checking defaults for T1/cmr/m/n on input line 71.
LaTeX Font Info:    ... okay on input line 71.
LaTeX Font Info:    Checking defaults for TS1/cmr/m/n on input line 71.
LaTeX Font Info:    ... okay on input line 71.
LaTeX Font Info:    Checking defaults for OMX/cmex/m/n on input line 71.
LaTeX Font Info:    ... okay on input line 71.
LaTeX Font Info:    Checking defaults for U/cmr/m/n on input line 71.
LaTeX Font Info:    ... okay on input line 71.
LaTeX Font Info:    Checking defaults for PD1/pdf/m/n on input line 71.
LaTeX Font Info:    ... okay on input line 71.
LaTeX Font Info:    Checking defaults for PU/pdf/m/n on input line 71.
LaTeX Font Info:    ... okay on input line 71.
 (C:\Users\eduar\AppData\Local\Programs\MiKTeX\tex/context/base/mkii\supp-pdf.mkii
[Loading MPS to PDF converter (version 2006.09.02).]
\scratchcounter=\count453
\scratchdimen=\dimen175
\scratchbox=\box62
\nofMPsegments=\count454
\nofMParguments=\count455
\everyMPshowfont=\toks40
\MPscratchCnt=\count456
\MPscratchDim=\dimen176
\MPnumerator=\count457
\makeMPintoPDFobject=\count458
\everyMPtoPDFconversion=\toks41
) (C:\Users\eduar\AppData\Local\Programs\MiKTeX\tex/latex/epstopdf-pkg\epstopdf-base.sty
Package: epstopdf-base 2020-01-24 v2.11 Base part for package epstopdf
Package epstopdf-base Info: Redefining graphics rule for `.eps' on input line 485.
 (C:\Users\eduar\AppData\Local\Programs\MiKTeX\tex/latex/00miktex\epstopdf-sys.cfg
File: epstopdf-sys.cfg 2021/03/18 v2.0 Configuration of epstopdf for MiKTeX
))
Package biblatex Info: Trying to load language 'english'...
Package biblatex Info: ... file 'english.lbx' found.
 (C:\Users\eduar\AppData\Local\Programs\MiKTeX\tex/latex/biblatex/lbx\english.lbx
File: english.lbx 2023/03/05 v3.19 biblatex localization (PK/MW)
)
Package biblatex Info: Input encoding 'utf8' detected.
Package biblatex Info: Automatic encoding selection.
(biblatex)             Assuming data encoding 'utf8'.
\openout3 = `main.bcf'.

Package biblatex Info: Trying to load bibliographic data...
Package biblatex Info: ... file 'main.bbl' found.
 (main.bbl)
Package biblatex Info: Reference section=0 on input line 71.
Package biblatex Info: Reference segment=0 on input line 71.
Package hyperref Info: Link coloring OFF on input line 71.
 (main.out) (main.out)
\@outlinefile=\write4
\openout4 = `main.out'.

\c@lstlisting=\count459
Package caption Info: Begin \AtBeginDocument code.
Package caption Info: subfig package v1.3 is loaded.
Package caption Info: float package is loaded.
Package caption Info: wrapfig package is loaded.
Package caption Info: End \AtBeginDocument code.
Package tocstyle Info: prepare \l@part for redefinition on input line 71.
Package tocstyle Info: prepare \l@chapter for redefinition on input line 71.
Package tocstyle Info: prepare \l@section for redefinition on input line 71.
LaTeX Font Info:    Trying to load font information for U+msa on input line 71.
 (C:\Users\eduar\AppData\Local\Programs\MiKTeX\tex/latex/amsfonts\umsa.fd
File: umsa.fd 2013/01/14 v3.01 AMS symbols A
)
LaTeX Font Info:    Trying to load font information for U+msb on input line 71.
 (C:\Users\eduar\AppData\Local\Programs\MiKTeX\tex/latex/amsfonts\umsb.fd
File: umsb.fd 2013/01/14 v3.01 AMS symbols B
)
Package tocstyle Info: prepare \l@subsection for redefinition on input line 71.
Package tocstyle Info: prepare \l@table for redefinition on input line 71.
Package tocstyle Info: prepare \l@figure for redefinition on input line 71.
 (elementos-pretextuais/dedicatoria.tex) [1

{C:/Users/eduar/AppData/Local/MiKTeX/fonts/map/pdftex/pdftex.map}] (elementos-pretextuais/agradecimentos.tex) [2] (elementos-pretextuais/agradecimentos.tex) [3] (elementos-pretextuais/epigrafe.tex) [4] [5] (elementos-pretextuais/abstract.tex) [6] (main.lof
number indent by \l@... (lof, 1):  0.0pt
text indent by \l@... (lof, 1):  64.60922pt
number indent by parent (lof, 1):  0.0pt
text indent calculated (lof, 1): 64.60922pt
number indent calculated (lof, 1): 0.0pt
text noindent (lof, 1): 64.60922pt
number noindent (lof, 1): 0.0pt
number indent by \l@... (lof, 1):  0.0pt
text indent by \l@... (lof, 1):  64.60922pt
number indent by parent (lof, 1):  0.0pt
text indent calculated (lof, 1): 64.60922pt
number indent calculated (lof, 1): 0.0pt
text noindent (lof, 1): 64.60922pt
number noindent (lof, 1): 0.0pt
number indent by \l@... (lof, 1):  0.0pt
text indent by \l@... (lof, 1):  64.60922pt
number indent by parent (lof, 1):  0.0pt
text indent calculated (lof, 1): 64.60922pt
number indent calculated (lof, 1): 0.0pt
text noindent (lof, 1): 64.60922pt
number noindent (lof, 1): 0.0pt
number indent by \l@... (lof, 1):  0.0pt
text indent by \l@... (lof, 1):  64.60922pt
number indent by parent (lof, 1):  0.0pt
text indent calculated (lof, 1): 64.60922pt
number indent calculated (lof, 1): 0.0pt
text noindent (lof, 1): 64.60922pt
number noindent (lof, 1): 0.0pt
number indent by \l@... (lof, 1):  0.0pt
text indent by \l@... (lof, 1):  64.60922pt
number indent by parent (lof, 1):  0.0pt
text indent calculated (lof, 1): 64.60922pt
number indent calculated (lof, 1): 0.0pt
text noindent (lof, 1): 64.60922pt
number noindent (lof, 1): 0.0pt
number indent by \l@... (lof, 1):  0.0pt
text indent by \l@... (lof, 1):  64.60922pt
number indent by parent (lof, 1):  0.0pt
text indent calculated (lof, 1): 64.60922pt
number indent calculated (lof, 1): 0.0pt
text noindent (lof, 1): 64.60922pt
number noindent (lof, 1): 0.0pt
number indent by \l@... (lof, 1):  0.0pt
text indent by \l@... (lof, 1):  64.60922pt
number indent by parent (lof, 1):  0.0pt
text indent calculated (lof, 1): 64.60922pt
number indent calculated (lof, 1): 0.0pt
text noindent (lof, 1): 64.60922pt
number noindent (lof, 1): 0.0pt
number indent by \l@... (lof, 1):  0.0pt
text indent by \l@... (lof, 1):  64.60922pt
number indent by parent (lof, 1):  0.0pt
text indent calculated (lof, 1): 64.60922pt
number indent calculated (lof, 1): 0.0pt
text noindent (lof, 1): 64.60922pt
number noindent (lof, 1): 0.0pt
number indent by \l@... (lof, 1):  0.0pt
text indent by \l@... (lof, 1):  64.60922pt
number indent by parent (lof, 1):  0.0pt
text indent calculated (lof, 1): 64.60922pt
number indent calculated (lof, 1): 0.0pt
text noindent (lof, 1): 64.60922pt
number noindent (lof, 1): 0.0pt
number indent by \l@... (lof, 1):  0.0pt
text indent by \l@... (lof, 1):  64.60922pt
number indent by parent (lof, 1):  0.0pt
text indent calculated (lof, 1): 64.60922pt
number indent calculated (lof, 1): 0.0pt
text noindent (lof, 1): 64.60922pt
number noindent (lof, 1): 0.0pt
number indent by \l@... (lof, 1):  0.0pt
text indent by \l@... (lof, 1):  64.60922pt
number indent by parent (lof, 1):  0.0pt
text indent calculated (lof, 1): 64.60922pt
number indent calculated (lof, 1): 0.0pt
text noindent (lof, 1): 64.60922pt
number noindent (lof, 1): 0.0pt
number indent by \l@... (lof, 1):  0.0pt
text indent by \l@... (lof, 1):  64.60922pt
number indent by parent (lof, 1):  0.0pt
text indent calculated (lof, 1): 64.60922pt
number indent calculated (lof, 1): 0.0pt
text noindent (lof, 1): 64.60922pt
number noindent (lof, 1): 0.0pt
number indent by \l@... (lof, 1):  0.0pt
text indent by \l@... (lof, 1):  64.60922pt
number indent by parent (lof, 1):  0.0pt
text indent calculated (lof, 1): 64.60922pt
number indent calculated (lof, 1): 0.0pt
text noindent (lof, 1): 64.60922pt
number noindent (lof, 1): 0.0pt
number indent by \l@... (lof, 1):  0.0pt
text indent by \l@... (lof, 1):  64.60922pt
number indent by parent (lof, 1):  0.0pt
text indent calculated (lof, 1): 64.60922pt
number indent calculated (lof, 1): 0.0pt
text noindent (lof, 1): 64.60922pt
number noindent (lof, 1): 0.0pt
number indent by \l@... (lof, 1):  0.0pt
text indent by \l@... (lof, 1):  64.60922pt
number indent by parent (lof, 1):  0.0pt
text indent calculated (lof, 1): 64.60922pt
number indent calculated (lof, 1): 0.0pt
text noindent (lof, 1): 64.60922pt
number noindent (lof, 1): 0.0pt
number indent by \l@... (lof, 1):  0.0pt
text indent by \l@... (lof, 1):  64.60922pt
number indent by parent (lof, 1):  0.0pt
text indent calculated (lof, 1): 64.60922pt
number indent calculated (lof, 1): 0.0pt
text noindent (lof, 1): 64.60922pt
number noindent (lof, 1): 0.0pt
number indent by \l@... (lof, 1):  0.0pt
text indent by \l@... (lof, 1):  64.60922pt
number indent by parent (lof, 1):  0.0pt
text indent calculated (lof, 1): 64.60922pt
number indent calculated (lof, 1): 0.0pt
text noindent (lof, 1): 64.60922pt
number noindent (lof, 1): 0.0pt
number indent by \l@... (lof, 1):  0.0pt
text indent by \l@... (lof, 1):  64.60922pt
number indent by parent (lof, 1):  0.0pt
text indent calculated (lof, 1): 64.60922pt
number indent calculated (lof, 1): 0.0pt
text noindent (lof, 1): 64.60922pt
number noindent (lof, 1): 0.0pt
number indent by \l@... (lof, 1):  0.0pt
text indent by \l@... (lof, 1):  64.60922pt
number indent by parent (lof, 1):  0.0pt
text indent calculated (lof, 1): 64.60922pt
number indent calculated (lof, 1): 0.0pt
text noindent (lof, 1): 64.60922pt
number noindent (lof, 1): 0.0pt
number indent by \l@... (lof, 1):  0.0pt
text indent by \l@... (lof, 1):  64.60922pt
number indent by parent (lof, 1):  0.0pt
text indent calculated (lof, 1): 64.60922pt
number indent calculated (lof, 1): 0.0pt
text noindent (lof, 1): 64.60922pt
number noindent (lof, 1): 0.0pt
number indent by \l@... (lof, 1):  0.0pt
text indent by \l@... (lof, 1):  64.60922pt
number indent by parent (lof, 1):  0.0pt
text indent calculated (lof, 1): 64.60922pt
number indent calculated (lof, 1): 0.0pt
text noindent (lof, 1): 64.60922pt
number noindent (lof, 1): 0.0pt
number indent by \l@... (lof, 1):  0.0pt
text indent by \l@... (lof, 1):  64.60922pt
number indent by parent (lof, 1):  0.0pt
text indent calculated (lof, 1): 64.60922pt
number indent calculated (lof, 1): 0.0pt
text noindent (lof, 1): 64.60922pt
number noindent (lof, 1): 0.0pt
number indent by \l@... (lof, 1):  0.0pt
text indent by \l@... (lof, 1):  64.60922pt
number indent by parent (lof, 1):  0.0pt
text indent calculated (lof, 1): 64.60922pt
number indent calculated (lof, 1): 0.0pt
text noindent (lof, 1): 64.60922pt
number noindent (lof, 1): 0.0pt
number indent by \l@... (lof, 1):  0.0pt
text indent by \l@... (lof, 1):  64.60922pt
number indent by parent (lof, 1):  0.0pt
text indent calculated (lof, 1): 64.60922pt
number indent calculated (lof, 1): 0.0pt
text noindent (lof, 1): 64.60922pt
number noindent (lof, 1): 0.0pt
number indent by \l@... (lof, 1):  0.0pt
text indent by \l@... (lof, 1):  64.60922pt
number indent by parent (lof, 1):  0.0pt
text indent calculated (lof, 1): 64.60922pt
number indent calculated (lof, 1): 0.0pt
text noindent (lof, 1): 64.60922pt
number noindent (lof, 1): 0.0pt
)
\tf@lof=\write5
\openout5 = `main.lof'.

 [7

] (main.lot)
\tf@lot=\write6
\openout6 = `main.lot'.

 [8

] (main.toc
number indent by \l@... (toc, 0):  0.0pt
text indent by \l@... (toc, 0):  17.6207pt
number indent by parent (toc, 0):  0.0pt
text indent calculated (toc, 0): 17.6207pt
number indent calculated (toc, 0): 0.0pt
text noindent (toc, 0): 17.6207pt
number noindent (toc, 0): 0.0pt
number indent by \l@... (toc, 1):  17.6207pt
text indent by \l@... (toc, 1):  27.01843pt
number indent by parent (toc, 1):  17.6207pt
text indent calculated (toc, 1): 27.01843pt
number indent calculated (toc, 1): 17.6207pt
text noindent (toc, 1): 27.01843pt
number noindent (toc, 1): 0.0pt
number indent by \l@... (toc, 1):  17.6207pt
text indent by \l@... (toc, 1):  27.01843pt
number indent by parent (toc, 1):  17.6207pt
text indent calculated (toc, 1): 27.01843pt
number indent calculated (toc, 1): 17.6207pt
text noindent (toc, 1): 27.01843pt
number noindent (toc, 1): 0.0pt
number indent by \l@... (toc, 1):  17.6207pt
text indent by \l@... (toc, 1):  27.01843pt
number indent by parent (toc, 1):  17.6207pt
text indent calculated (toc, 1): 27.01843pt
number indent calculated (toc, 1): 17.6207pt
text noindent (toc, 1): 27.01843pt
number noindent (toc, 1): 0.0pt
number indent by \l@... (toc, 0):  0.0pt
text indent by \l@... (toc, 0):  17.6207pt
number indent by parent (toc, 0):  0.0pt
text indent calculated (toc, 0): 17.6207pt
number indent calculated (toc, 0): 0.0pt
text noindent (toc, 0): 17.6207pt
number noindent (toc, 0): 0.0pt
number indent by \l@... (toc, 1):  17.6207pt
text indent by \l@... (toc, 1):  27.01843pt
number indent by parent (toc, 1):  17.6207pt
text indent calculated (toc, 1): 27.01843pt
number indent calculated (toc, 1): 17.6207pt
text noindent (toc, 1): 27.01843pt
number noindent (toc, 1): 0.0pt
number indent by \l@... (toc, 1):  17.6207pt
text indent by \l@... (toc, 1):  27.01843pt
number indent by parent (toc, 1):  17.6207pt
text indent calculated (toc, 1): 27.01843pt
number indent calculated (toc, 1): 17.6207pt
text noindent (toc, 1): 27.01843pt
number noindent (toc, 1): 0.0pt
number indent by \l@... (toc, 1):  17.6207pt
text indent by \l@... (toc, 1):  27.01843pt
number indent by parent (toc, 1):  17.6207pt
text indent calculated (toc, 1): 27.01843pt
number indent calculated (toc, 1): 17.6207pt
text noindent (toc, 1): 27.01843pt
number noindent (toc, 1): 0.0pt
number indent by \l@... (toc, 1):  17.6207pt
text indent by \l@... (toc, 1):  27.01843pt
number indent by parent (toc, 1):  17.6207pt
text indent calculated (toc, 1): 27.01843pt
number indent calculated (toc, 1): 17.6207pt
text noindent (toc, 1): 27.01843pt
number noindent (toc, 1): 0.0pt
number indent by \l@... (toc, 0):  0.0pt
text indent by \l@... (toc, 0):  17.6207pt
number indent by parent (toc, 0):  0.0pt
text indent calculated (toc, 0): 17.6207pt
number indent calculated (toc, 0): 0.0pt
text noindent (toc, 0): 17.6207pt
number noindent (toc, 0): 0.0pt
number indent by \l@... (toc, 1):  17.6207pt
text indent by \l@... (toc, 1):  27.01843pt
number indent by parent (toc, 1):  17.6207pt
text indent calculated (toc, 1): 27.01843pt
number indent calculated (toc, 1): 17.6207pt
text noindent (toc, 1): 27.01843pt
number noindent (toc, 1): 0.0pt
number indent by \l@... (toc, 2):  44.63913pt
text indent by \l@... (toc, 2):  37.59077pt
number indent by parent (toc, 2):  44.63913pt
text indent calculated (toc, 2): 37.59077pt
number indent calculated (toc, 2): 44.63913pt
text noindent (toc, 2): 37.59077pt
number noindent (toc, 2): 0.0pt
number indent by \l@... (toc, 2):  44.63913pt
text indent by \l@... (toc, 2):  37.59077pt
number indent by parent (toc, 2):  44.63913pt
text indent calculated (toc, 2): 37.59077pt
number indent calculated (toc, 2): 44.63913pt
text noindent (toc, 2): 37.59077pt
number noindent (toc, 2): 0.0pt
number indent by \l@... (toc, 1):  17.6207pt
text indent by \l@... (toc, 1):  27.01843pt
number indent by parent (toc, 1):  17.6207pt
text indent calculated (toc, 1): 27.01843pt
number indent calculated (toc, 1): 17.6207pt
text noindent (toc, 1): 27.01843pt
number noindent (toc, 1): 0.0pt
number indent by \l@... (toc, 1):  17.6207pt
text indent by \l@... (toc, 1):  27.01843pt
number indent by parent (toc, 1):  17.6207pt
text indent calculated (toc, 1): 27.01843pt
number indent calculated (toc, 1): 17.6207pt
text noindent (toc, 1): 27.01843pt
number noindent (toc, 1): 0.0pt
number indent by \l@... (toc, 2):  44.63913pt
text indent by \l@... (toc, 2):  37.59077pt
number indent by parent (toc, 2):  44.63913pt
text indent calculated (toc, 2): 37.59077pt
number indent calculated (toc, 2): 44.63913pt
text noindent (toc, 2): 37.59077pt
number noindent (toc, 2): 0.0pt
number indent by \l@... (toc, 2):  44.63913pt
text indent by \l@... (toc, 2):  37.59077pt
number indent by parent (toc, 2):  44.63913pt
text indent calculated (toc, 2): 37.59077pt
number indent calculated (toc, 2): 44.63913pt
text noindent (toc, 2): 37.59077pt
number noindent (toc, 2): 0.0pt
number indent by \l@... (toc, 2):  44.63913pt
text indent by \l@... (toc, 2):  37.59077pt
number indent by parent (toc, 2):  44.63913pt
text indent calculated (toc, 2): 37.59077pt
number indent calculated (toc, 2): 44.63913pt
text noindent (toc, 2): 37.59077pt
number noindent (toc, 2): 0.0pt
number indent by \l@... (toc, 2):  44.63913pt
text indent by \l@... (toc, 2):  37.59077pt
number indent by parent (toc, 2):  44.63913pt
text indent calculated (toc, 2): 37.59077pt
number indent calculated (toc, 2): 44.63913pt
text noindent (toc, 2): 37.59077pt
number noindent (toc, 2): 0.0pt
number indent by \l@... (toc, 0):  0.0pt
text indent by \l@... (toc, 0):  17.6207pt
number indent by parent (toc, 0):  0.0pt
text indent calculated (toc, 0): 17.6207pt
number indent calculated (toc, 0): 0.0pt
text noindent (toc, 0): 17.6207pt
number noindent (toc, 0): 0.0pt
number indent by \l@... (toc, 1):  17.6207pt
text indent by \l@... (toc, 1):  27.01843pt
number indent by parent (toc, 1):  17.6207pt
text indent calculated (toc, 1): 27.01843pt
number indent calculated (toc, 1): 17.6207pt
text noindent (toc, 1): 27.01843pt
number noindent (toc, 1): 0.0pt
number indent by \l@... (toc, 1):  17.6207pt
text indent by \l@... (toc, 1):  27.01843pt
number indent by parent (toc, 1):  17.6207pt
text indent calculated (toc, 1): 27.01843pt
number indent calculated (toc, 1): 17.6207pt
text noindent (toc, 1): 27.01843pt
number noindent (toc, 1): 0.0pt
number indent by \l@... (toc, 1):  17.6207pt
text indent by \l@... (toc, 1):  27.01843pt
number indent by parent (toc, 1):  17.6207pt
text indent calculated (toc, 1): 27.01843pt
number indent calculated (toc, 1): 17.6207pt
text noindent (toc, 1): 27.01843pt
number noindent (toc, 1): 0.0pt
number indent by \l@... (toc, 0):  0.0pt
text indent by \l@... (toc, 0):  17.6207pt
number indent by parent (toc, 0):  0.0pt
text indent calculated (toc, 0): 17.6207pt
number indent calculated (toc, 0): 0.0pt
text noindent (toc, 0): 17.6207pt
number noindent (toc, 0): 0.0pt
number indent by \l@... (toc, 1):  17.6207pt
text indent by \l@... (toc, 1):  27.01843pt
number indent by parent (toc, 1):  17.6207pt
text indent calculated (toc, 1): 27.01843pt
number indent calculated (toc, 1): 17.6207pt
text noindent (toc, 1): 27.01843pt
number noindent (toc, 1): 0.0pt
number indent by \l@... (toc, 0):  0.0pt
text indent by \l@... (toc, 0):  17.6207pt
number indent by parent (toc, 0):  0.0pt
text indent calculated (toc, 0): 17.6207pt
number indent calculated (toc, 0): 0.0pt
text noindent (toc, 0): 17.6207pt
number noindent (toc, 0): 0.0pt
number indent by \l@... (toc, 1):  17.6207pt
text indent by \l@... (toc, 1):  27.01843pt
number indent by parent (toc, 1):  17.6207pt
text indent calculated (toc, 1): 27.01843pt
number indent calculated (toc, 1): 17.6207pt
text noindent (toc, 1): 27.01843pt
number noindent (toc, 1): 0.0pt
[9]
number indent by \l@... (toc, 0):  0.0pt
text indent by \l@... (toc, 0):  17.6207pt
number indent by parent (toc, 0):  0.0pt
text indent calculated (toc, 0): 17.6207pt
number indent calculated (toc, 0): 0.0pt
text noindent (toc, 0): 17.6207pt
number noindent (toc, 0): 0.0pt
number indent by \l@... (toc, 0):  0.0pt
text indent by \l@... (toc, 0):  17.6207pt
number indent by parent (toc, 0):  0.0pt
text indent calculated (toc, 0): 17.6207pt
number indent calculated (toc, 0): 0.0pt
text noindent (toc, 0): 17.6207pt
number noindent (toc, 0): 0.0pt
number indent by \l@... (toc, 0):  0.0pt
text indent by \l@... (toc, 0):  17.6207pt
number indent by parent (toc, 0):  0.0pt
text indent calculated (toc, 0): 17.6207pt
number indent calculated (toc, 0): 0.0pt
text noindent (toc, 0): 17.6207pt
number noindent (toc, 0): 0.0pt
)
\tf@toc=\write7
\openout7 = `main.toc'.

 [10] (elementos-textuais/capitulo-1.tex
Chapter 1.
<imagens/raymarched-clouds-schneider.png, id=255, 980.91469pt x 561.59813pt>
File: imagens/raymarched-clouds-schneider.png Graphic file (type png)
<use imagens/raymarched-clouds-schneider.png>
Package pdftex.def Info: imagens/raymarched-clouds-schneider.png  used on input line 15.
(pdftex.def)             Requested size: 393.49646pt x 258.92097pt.
[11

]
pdfTeX warning (ext4): destination with the same identifier (name{Hfootnote.4}) has been already used, duplicate ignored
<to be read again> 
                   \relax 
l.23 ...es/s2016-pbs-frostbite-sky-clouds-new.pdf}
                                                  
Underfull \hbox (badness 10000) in paragraph at lines 23--23
[][][]\T1/cmr/m/n/10 Source: https://media.contentapi.ea.com/content/dam/eacom/frostbite/files/s2016-pbs-
 []

[12 <./imagens/raymarched-clouds-schneider.png>]) (elementos-textuais/capitulo-2.tex [13]
Chapter 2.
<imagens/ray-trace.jpg, id=274, 1066.98625pt x 701.62125pt>
File: imagens/ray-trace.jpg Graphic file (type jpg)
<use imagens/ray-trace.jpg>
Package pdftex.def Info: imagens/ray-trace.jpg  used on input line 11.
(pdftex.def)             Requested size: 302.72665pt x 199.17189pt.
[14

]
LaTeX Font Info:    Trying to load font information for T1+cmtt on input line 30.
 (C:\Users\eduar\AppData\Local\Programs\MiKTeX\tex/latex/base\t1cmtt.fd
File: t1cmtt.fd 2023/04/13 v2.5m Standard LaTeX font definitions
)
Package hyperref Info: bookmark level for unknown algorithm defaults to 0 on input line 33.
 [15 <./imagens/ray-trace.jpg>]
Package hyperref Info: bookmark level for unknown lstlisting defaults to 0 on input line 58.
 [16] [17]
Underfull \hbox (badness 10000) in paragraph at lines 105--105
[][][]\T1/cmr/m/n/10 https://www.scratchapixel.com/lessons/3d-basic-rendering/minimal-ray-tracer-rendering-
 []

<imagens/unlit-raytraced-sphere.png, id=327, 596.2275pt x 567.11874pt>
File: imagens/unlit-raytraced-sphere.png Graphic file (type png)
<use imagens/unlit-raytraced-sphere.png>
Package pdftex.def Info: imagens/unlit-raytraced-sphere.png  used on input line 113.
(pdftex.def)             Requested size: 217.38014pt x 217.37651pt.
[18 <./imagens/unlit-raytraced-sphere.png>]
<imagens/spheretracing.png, id=340, 376.40625pt x 265.99374pt>
File: imagens/spheretracing.png Graphic file (type png)
<use imagens/spheretracing.png>
Package pdftex.def Info: imagens/spheretracing.png  used on input line 129.
(pdftex.def)             Requested size: 217.38531pt x 153.64737pt.
<imagens/raymarch_fixed_fail.jpg, id=341, 188.20313pt x 110.66344pt>
File: imagens/raymarch_fixed_fail.jpg Graphic file (type jpg)
<use imagens/raymarch_fixed_fail.jpg>
Package pdftex.def Info: imagens/raymarch_fixed_fail.jpg  used on input line 136.
(pdftex.def)             Requested size: 217.39392pt x 127.76007pt.
<imagens/unlit-raymarched-sphere.png, id=344, 816.04875pt x 567.11874pt>
File: imagens/unlit-raymarched-sphere.png Graphic file (type png)
<use imagens/unlit-raymarched-sphere.png>
Package pdftex.def Info: imagens/unlit-raymarched-sphere.png  used on input line 143.
(pdftex.def)             Requested size: 217.37256pt x 150.79631pt.
 [19]
Overfull \vbox (105.63464pt too high) has occurred while \output is active []

 [20 <./imagens/spheretracing.png> <./imagens/raymarch_fixed_fail.jpg>] [21 <./imagens/unlit-raymarched-sphere.png>]) (elementos-textuais/capitulo-3.tex [22]
Chapter 3.
[23

] [24]
<imagens/circle-plainColor.png, id=394, 700.6175pt x 393.47pt>
File: imagens/circle-plainColor.png Graphic file (type png)
<use imagens/circle-plainColor.png>
Package pdftex.def Info: imagens/circle-plainColor.png  used on input line 68.
(pdftex.def)             Requested size: 170.71718pt x 95.87564pt.
<imagens/circle-customColor.png, id=395, 700.6175pt x 393.47pt>
File: imagens/circle-customColor.png Graphic file (type png)
<use imagens/circle-customColor.png>
Package pdftex.def Info: imagens/circle-customColor.png  used on input line 74.
(pdftex.def)             Requested size: 170.71718pt x 95.87564pt.
<imagens/sdf-sphere.png, id=398, 700.6175pt x 393.47pt>
File: imagens/sdf-sphere.png Graphic file (type png)
<use imagens/sdf-sphere.png>
Package pdftex.def Info: imagens/sdf-sphere.png  used on input line 86.
(pdftex.def)             Requested size: 256.0774pt x 143.81648pt.
<imagens/rectangle-customColor.png, id=400, 700.6175pt x 393.47pt>
File: imagens/rectangle-customColor.png Graphic file (type png)
<use imagens/rectangle-customColor.png>
Package pdftex.def Info: imagens/rectangle-customColor.png  used on input line 97.
(pdftex.def)             Requested size: 256.0774pt x 143.81648pt.
 [25 <./imagens/circle-plainColor.png> <./imagens/circle-customColor.png>] [26 <./imagens/sdf-sphere.png> <./imagens/rectangle-customColor.png>]
<imagens/square_sdf.png, id=431, 646.415pt x 640.3925pt>
File: imagens/square_sdf.png Graphic file (type png)
<use imagens/square_sdf.png>
Package pdftex.def Info: imagens/square_sdf.png  used on input line 127.
(pdftex.def)             Requested size: 213.39651pt x 211.39857pt.
 [27 <./imagens/square_sdf.png>]
<imagens/sdf-cube.png, id=436, 1927.2pt x 1084.05pt>
File: imagens/sdf-cube.png Graphic file (type png)
<use imagens/sdf-cube.png>
Package pdftex.def Info: imagens/sdf-cube.png  used on input line 139.
(pdftex.def)             Requested size: 256.0774pt x 144.0412pt.
 [28 <./imagens/sdf-cube.png>] [29]
<imagens/sdf-operations/cube.png, id=459, 803.0pt x 451.6875pt>
File: imagens/sdf-operations/cube.png Graphic file (type png)
<use imagens/sdf-operations/cube.png>
Package pdftex.def Info: imagens/sdf-operations/cube.png  used on input line 201.
(pdftex.def)             Requested size: 128.0387pt x 72.01646pt.
<imagens/sdf-operations/sphere.png, id=460, 803.0pt x 451.6875pt>
File: imagens/sdf-operations/sphere.png Graphic file (type png)
<use imagens/sdf-operations/sphere.png>
Package pdftex.def Info: imagens/sdf-operations/sphere.png  used on input line 207.
(pdftex.def)             Requested size: 128.0387pt x 72.01646pt.
<imagens/sdf-operations/union.png, id=461, 803.0pt x 451.6875pt>
File: imagens/sdf-operations/union.png Graphic file (type png)
<use imagens/sdf-operations/union.png>
Package pdftex.def Info: imagens/sdf-operations/union.png  used on input line 213.
(pdftex.def)             Requested size: 128.0387pt x 72.01646pt.
<imagens/sdf-operations/intersection.png, id=462, 803.0pt x 451.6875pt>
File: imagens/sdf-operations/intersection.png Graphic file (type png)
<use imagens/sdf-operations/intersection.png>
Package pdftex.def Info: imagens/sdf-operations/intersection.png  used on input line 222.
(pdftex.def)             Requested size: 128.0387pt x 72.01646pt.
<imagens/sdf-operations/subtraction1.png, id=463, 803.0pt x 451.6875pt>
File: imagens/sdf-operations/subtraction1.png Graphic file (type png)
<use imagens/sdf-operations/subtraction1.png>
Package pdftex.def Info: imagens/sdf-operations/subtraction1.png  used on input line 228.
(pdftex.def)             Requested size: 128.0387pt x 72.01646pt.
<imagens/sdf-operations/subtraction2.png, id=464, 803.0pt x 451.6875pt>
File: imagens/sdf-operations/subtraction2.png Graphic file (type png)
<use imagens/sdf-operations/subtraction2.png>
Package pdftex.def Info: imagens/sdf-operations/subtraction2.png  used on input line 234.
(pdftex.def)             Requested size: 128.0387pt x 72.01646pt.
<imagens/smoothUnion.png, id=468, 338.26375pt x 315.1775pt>
File: imagens/smoothUnion.png Graphic file (type png)
<use imagens/smoothUnion.png>
Package pdftex.def Info: imagens/smoothUnion.png  used on input line 251.
(pdftex.def)             Requested size: 170.71718pt x 159.0696pt.
<imagens/smoothIntersection.png, id=469, 305.14pt x 260.975pt>
File: imagens/smoothIntersection.png Graphic file (type png)
<use imagens/smoothIntersection.png>
Package pdftex.def Info: imagens/smoothIntersection.png  used on input line 257.
(pdftex.def)             Requested size: 170.71718pt x 146.0136pt.
<imagens/smoothSubtraction.png, id=470, 257.96375pt x 262.9825pt>
File: imagens/smoothSubtraction.png Graphic file (type png)
<use imagens/smoothSubtraction.png>
Package pdftex.def Info: imagens/smoothSubtraction.png  used on input line 266.
(pdftex.def)             Requested size: 170.71718pt x 174.04248pt.
<imagens/desmos_smin.png, id=471, 869.2475pt x 602.25pt>
File: imagens/desmos_smin.png Graphic file (type png)
<use imagens/desmos_smin.png>
Package pdftex.def Info: imagens/desmos_smin.png  used on input line 272.
(pdftex.def)             Requested size: 170.71718pt x 118.27911pt.
 [30 <./imagens/sdf-operations/cube.png> <./imagens/sdf-operations/sphere.png> <./imagens/sdf-operations/union.png> <./imagens/sdf-operations/intersection.png> <./imagens/sdf-operations/subtraction1.png> <./imagens/sdf-operations/subtraction2.png>] [31 <./imagens/smoothUnion.png> <./imagens/smoothIntersection.png> <./imagens/smoothSubtraction.png> <./imagens/desmos_smin.png>]
<imagens/smooth-sdf-operations/add-unsmooth.png, id=490, 803.0pt x 451.6875pt>
File: imagens/smooth-sdf-operations/add-unsmooth.png Graphic file (type png)
<use imagens/smooth-sdf-operations/add-unsmooth.png>
Package pdftex.def Info: imagens/smooth-sdf-operations/add-unsmooth.png  used on input line 303.
(pdftex.def)             Requested size: 128.0387pt x 72.01646pt.
<imagens/smooth-sdf-operations/subtraction-unsmooth.png, id=491, 803.0pt x 451.6875pt>
File: imagens/smooth-sdf-operations/subtraction-unsmooth.png Graphic file (type png)
<use imagens/smooth-sdf-operations/subtraction-unsmooth.png>
Package pdftex.def Info: imagens/smooth-sdf-operations/subtraction-unsmooth.png  used on input line 309.
(pdftex.def)             Requested size: 128.0387pt x 72.01646pt.
<imagens/smooth-sdf-operations/intersection-unsmooth.png, id=492, 803.0pt x 451.6875pt>
File: imagens/smooth-sdf-operations/intersection-unsmooth.png Graphic file (type png)
<use imagens/smooth-sdf-operations/intersection-unsmooth.png>
Package pdftex.def Info: imagens/smooth-sdf-operations/intersection-unsmooth.png  used on input line 315.
(pdftex.def)             Requested size: 128.0387pt x 72.01646pt.
<imagens/smooth-sdf-operations/add-smooth.png, id=493, 803.0pt x 451.6875pt>
File: imagens/smooth-sdf-operations/add-smooth.png Graphic file (type png)
<use imagens/smooth-sdf-operations/add-smooth.png>
Package pdftex.def Info: imagens/smooth-sdf-operations/add-smooth.png  used on input line 324.
(pdftex.def)             Requested size: 128.0387pt x 72.01646pt.
<imagens/smooth-sdf-operations/subtraction-smooth.png, id=494, 803.0pt x 451.6875pt>
File: imagens/smooth-sdf-operations/subtraction-smooth.png Graphic file (type png)
<use imagens/smooth-sdf-operations/subtraction-smooth.png>
Package pdftex.def Info: imagens/smooth-sdf-operations/subtraction-smooth.png  used on input line 330.
(pdftex.def)             Requested size: 128.0387pt x 72.01646pt.
<imagens/smooth-sdf-operations/intersection-smooth.png, id=495, 803.0pt x 451.6875pt>
File: imagens/smooth-sdf-operations/intersection-smooth.png Graphic file (type png)
<use imagens/smooth-sdf-operations/intersection-smooth.png>
Package pdftex.def Info: imagens/smooth-sdf-operations/intersection-smooth.png  used on input line 336.
(pdftex.def)             Requested size: 128.0387pt x 72.01646pt.


LaTeX Warning: `!h' float specifier changed to `!ht'.

[32]
<imagens/domainRepetition-circle.png, id=504, 700.6175pt x 393.47pt>
File: imagens/domainRepetition-circle.png Graphic file (type png)
<use imagens/domainRepetition-circle.png>
Package pdftex.def Info: imagens/domainRepetition-circle.png  used on input line 358.
(pdftex.def)             Requested size: 192.0548pt x 107.85936pt.
<imagens/domainRepetition-sine.png, id=505, 700.6175pt x 393.47pt>
File: imagens/domainRepetition-sine.png Graphic file (type png)
<use imagens/domainRepetition-sine.png>
Package pdftex.def Info: imagens/domainRepetition-sine.png  used on input line 364.
(pdftex.def)             Requested size: 192.0548pt x 107.85936pt.
<imagens/domainRepetition-round.png, id=506, 700.6175pt x 393.47pt>
File: imagens/domainRepetition-round.png Graphic file (type png)
<use imagens/domainRepetition-round.png>
Package pdftex.def Info: imagens/domainRepetition-round.png  used on input line 373.
(pdftex.def)             Requested size: 192.0548pt x 107.85936pt.
<imagens/domainRepetition-mod.png, id=507, 700.6175pt x 393.47pt>
File: imagens/domainRepetition-mod.png Graphic file (type png)
<use imagens/domainRepetition-mod.png>
Package pdftex.def Info: imagens/domainRepetition-mod.png  used on input line 379.
(pdftex.def)             Requested size: 192.0548pt x 107.85936pt.


LaTeX Warning: `!h' float specifier changed to `!ht'.

<imagens/domain-repetition.png, id=510, 803.0pt x 451.6875pt>
File: imagens/domain-repetition.png Graphic file (type png)
<use imagens/domain-repetition.png>
Package pdftex.def Info: imagens/domain-repetition.png  used on input line 394.
(pdftex.def)             Requested size: 256.0774pt x 144.0467pt.
[33 <./imagens/smooth-sdf-operations/add-unsmooth.png> <./imagens/smooth-sdf-operations/subtraction-unsmooth.png> <./imagens/smooth-sdf-operations/intersection-unsmooth.png> <./imagens/smooth-sdf-operations/add-smooth.png> <./imagens/smooth-sdf-operations/subtraction-smooth.png> <./imagens/smooth-sdf-operations/intersection-smooth.png>] [34 <./imagens/domainRepetition-circle.png> <./imagens/domainRepetition-sine.png> <./imagens/domainRepetition-round.png> <./imagens/domainRepetition-mod.png>] [35 <./imagens/domain-repetition.png>]
<imagens/sdf-distortion/sin-cos-distortion.png, id=553, 700.6175pt x 394.47375pt>
File: imagens/sdf-distortion/sin-cos-distortion.png Graphic file (type png)
<use imagens/sdf-distortion/sin-cos-distortion.png>
Package pdftex.def Info: imagens/sdf-distortion/sin-cos-distortion.png  used on input line 435.
(pdftex.def)             Requested size: 256.0774pt x 144.18335pt.
) (elementos-textuais/capitulo-4.tex [36 <./imagens/sdf-distortion/sin-cos-distortion.png>]
Chapter 4.
[37

]
Overfull \vbox (5.87726pt too high) has occurred while \output is active []

 [38]
<imagens/cloud-noise/no-noise-cloud.png, id=578, 700.6175pt x 394.47375pt>
File: imagens/cloud-noise/no-noise-cloud.png Graphic file (type png)
<use imagens/cloud-noise/no-noise-cloud.png>
Package pdftex.def Info: imagens/cloud-noise/no-noise-cloud.png  used on input line 74.
(pdftex.def)             Requested size: 256.0774pt x 144.18335pt.
 [39 <./imagens/cloud-noise/no-noise-cloud.png>]
<imagens/cloud-noise/white-noise.png, id=591, 700.6175pt x 394.47375pt>
File: imagens/cloud-noise/white-noise.png Graphic file (type png)
<use imagens/cloud-noise/white-noise.png>
Package pdftex.def Info: imagens/cloud-noise/white-noise.png  used on input line 98.
(pdftex.def)             Requested size: 192.0548pt x 108.1345pt.
<imagens/cloud-noise/white-noise-cloud.png, id=592, 700.6175pt x 394.47375pt>
File: imagens/cloud-noise/white-noise-cloud.png Graphic file (type png)
<use imagens/cloud-noise/white-noise-cloud.png>
Package pdftex.def Info: imagens/cloud-noise/white-noise-cloud.png  used on input line 104.
(pdftex.def)             Requested size: 192.0548pt x 108.1345pt.
<imagens/cloud-noise/value-noise.png, id=593, 700.6175pt x 394.47375pt>
File: imagens/cloud-noise/value-noise.png Graphic file (type png)
<use imagens/cloud-noise/value-noise.png>
Package pdftex.def Info: imagens/cloud-noise/value-noise.png  used on input line 113.
(pdftex.def)             Requested size: 192.0548pt x 108.1345pt.
<imagens/cloud-noise/value-noise-cloud.png, id=594, 700.6175pt x 394.47375pt>
File: imagens/cloud-noise/value-noise-cloud.png Graphic file (type png)
<use imagens/cloud-noise/value-noise-cloud.png>
Package pdftex.def Info: imagens/cloud-noise/value-noise-cloud.png  used on input line 119.
(pdftex.def)             Requested size: 192.0548pt x 108.1345pt.


LaTeX Warning: `!h' float specifier changed to `!ht'.

<imagens/cloud-noise/1-octave-fbm.png, id=596, 700.6175pt x 394.47375pt>
File: imagens/cloud-noise/1-octave-fbm.png Graphic file (type png)
<use imagens/cloud-noise/1-octave-fbm.png>
Package pdftex.def Info: imagens/cloud-noise/1-octave-fbm.png  used on input line 137.
(pdftex.def)             Requested size: 192.0548pt x 108.1345pt.
<imagens/cloud-noise/1-octave-fbm-cloud.png, id=597, 700.6175pt x 394.47375pt>
File: imagens/cloud-noise/1-octave-fbm-cloud.png Graphic file (type png)
<use imagens/cloud-noise/1-octave-fbm-cloud.png>
Package pdftex.def Info: imagens/cloud-noise/1-octave-fbm-cloud.png  used on input line 144.
(pdftex.def)             Requested size: 192.0548pt x 108.1345pt.
<imagens/cloud-noise/2-octaves-fbm.png, id=598, 700.6175pt x 394.47375pt>
File: imagens/cloud-noise/2-octaves-fbm.png Graphic file (type png)
<use imagens/cloud-noise/2-octaves-fbm.png>
Package pdftex.def Info: imagens/cloud-noise/2-octaves-fbm.png  used on input line 153.
(pdftex.def)             Requested size: 192.0548pt x 108.1345pt.
<imagens/cloud-noise/2-octaves-fbm-cloud.png, id=599, 700.6175pt x 394.47375pt>
File: imagens/cloud-noise/2-octaves-fbm-cloud.png Graphic file (type png)
<use imagens/cloud-noise/2-octaves-fbm-cloud.png>
Package pdftex.def Info: imagens/cloud-noise/2-octaves-fbm-cloud.png  used on input line 160.
(pdftex.def)             Requested size: 192.0548pt x 108.1345pt.
<imagens/cloud-noise/3-octaves-fbm.png, id=600, 700.6175pt x 394.47375pt>
File: imagens/cloud-noise/3-octaves-fbm.png Graphic file (type png)
<use imagens/cloud-noise/3-octaves-fbm.png>
Package pdftex.def Info: imagens/cloud-noise/3-octaves-fbm.png  used on input line 169.
(pdftex.def)             Requested size: 192.0548pt x 108.1345pt.
<imagens/cloud-noise/3-octaves-fbm-cloud.png, id=601, 700.6175pt x 394.47375pt>
File: imagens/cloud-noise/3-octaves-fbm-cloud.png Graphic file (type png)
<use imagens/cloud-noise/3-octaves-fbm-cloud.png>
Package pdftex.def Info: imagens/cloud-noise/3-octaves-fbm-cloud.png  used on input line 176.
(pdftex.def)             Requested size: 192.0548pt x 108.1345pt.
<imagens/cloud-noise/4-octaves-fbm.png, id=602, 700.6175pt x 394.47375pt>
File: imagens/cloud-noise/4-octaves-fbm.png Graphic file (type png)
<use imagens/cloud-noise/4-octaves-fbm.png>
Package pdftex.def Info: imagens/cloud-noise/4-octaves-fbm.png  used on input line 185.
(pdftex.def)             Requested size: 192.0548pt x 108.1345pt.

Overfull \hbox (77.72781pt too wide) in paragraph at lines 186--187
 []\T1/cmr/m/n/10.95 vn(uv)+vn(uv*2.)*0.5+vn(uv*4.)*0.25+vn(uv*8.)*0.125 
 []

<imagens/cloud-noise/4-octaves-fbm-cloud.png, id=603, 700.6175pt x 394.47375pt>
File: imagens/cloud-noise/4-octaves-fbm-cloud.png Graphic file (type png)
<use imagens/cloud-noise/4-octaves-fbm-cloud.png>
Package pdftex.def Info: imagens/cloud-noise/4-octaves-fbm-cloud.png  used on input line 192.
(pdftex.def)             Requested size: 192.0548pt x 108.1345pt.

LaTeX Warning: `!h' float specifier changed to `!ht'.

[40] [41 <./imagens/cloud-noise/white-noise.png> <./imagens/cloud-noise/white-noise-cloud.png> <./imagens/cloud-noise/value-noise.png> <./imagens/cloud-noise/value-noise-cloud.png>] [42 <./imagens/cloud-noise/1-octave-fbm.png> <./imagens/cloud-noise/1-octave-fbm-cloud.png> <./imagens/cloud-noise/2-octaves-fbm.png> <./imagens/cloud-noise/2-octaves-fbm-cloud.png> <./imagens/cloud-noise/3-octaves-fbm.png> <./imagens/cloud-noise/3-octaves-fbm-cloud.png> <./imagens/cloud-noise/4-octaves-fbm.png> <./imagens/cloud-noise/4-octaves-fbm-cloud.png>]
<imagens/cloud-noise/lit-cloud.png, id=633, 771.88374pt x 604.2575pt>
File: imagens/cloud-noise/lit-cloud.png Graphic file (type png)
<use imagens/cloud-noise/lit-cloud.png>
Package pdftex.def Info: imagens/cloud-noise/lit-cloud.png  used on input line 231.
(pdftex.def)             Requested size: 270.30118pt x 211.59471pt.
) (elementos-textuais/capitulo-5.tex [43 <./imagens/cloud-noise/lit-cloud.png>]
Chapter 5.
elementos-textuais/capitulo-5.tex:8: Misplaced alignment tab character &.
l.8 ...oundation, and on top of that, Beer's Law &
                                                   Powder Effect is applied ...
I can't figure out why you would want to use a tab mark
here. If you just want an ampersand, the remedy is
simple: Just type `I\&' now. But if some right brace
up above has ended a previous alignment prematurely,
you're probably due for more error messages, and you
might try typing `S' now just to see what is salvageable.


LaTeX Warning: Citation 'green2007siggraph' on page 44 undefined on input line 13.


LaTeX Warning: Citation 'tiagocesar' on page 44 undefined on input line 13.


LaTeX Warning: Citation 'atzmon2019sal' on page 44 undefined on input line 15.


LaTeX Warning: Citation 'park2019deepsdf' on page 44 undefined on input line 15.


LaTeX Warning: Citation 'van2011sdfcollisions' on page 44 undefined on input line 16.


LaTeX Warning: Citation 'hart1996csgeometry' on page 44 undefined on input line 17.


LaTeX Warning: Citation 'nimier2020differentiable' on page 44 undefined on input line 19.


Overfull \hbox (39.61423pt too wide) in paragraph at lines 12--24
\T1/cmr/m/n/12 the ap-prox-i-ma-tion of dis-tance fields from mesh data us-ing neu-ral net-works [[];
 []


Overfull \hbox (54.44942pt too wide) in paragraph at lines 12--24
\T1/cmr/m/n/12 cent re-search also in-ves-ti-gates their role in dif-fer-en-tiable ren-der-ing [[]]
 []

[44

]) [45] [46] (elementos-pretextuais/glossario.tex) [47] (elementos-postextuais/anexo-1.tex

Package hyperref Warning: Token not allowed in a PDF string (Unicode):
(hyperref)                removing `\new@ifnextchar' on input line 1.

) (elementos-postextuais/anexo-2.tex

Package hyperref Warning: Token not allowed in a PDF string (Unicode):
(hyperref)                removing `\new@ifnextchar' on input line 1.

) [48] (main.aux)
 ***********
LaTeX2e <2023-11-01> patch level 1
L3 programming layer <2024-01-04>
 ***********


LaTeX Warning: There were undefined references.


LaTeX Warning: There were multiply-defined labels.

Package rerunfilecheck Info: File `main.out' has not changed.
(rerunfilecheck)             Checksum: 906D591E94570BF3B70236EC16F5DF77;4313.

Package biblatex Warning: Please (re)run Biber on the file:
(biblatex)                main
(biblatex)                and rerun LaTeX afterwards.

Package logreq Info: Writing requests to 'main.run.xml'.
\openout1 = `main.run.xml'.

 ) 
Here is how much of TeX's memory you used:
 25022 strings out of 474486
 439784 string characters out of 5743755
 2018542 words of memory out of 5000000
 46736 multiletter control sequences out of 15000+600000
 582029 words of font info for 91 fonts, out of 8000000 for 9000
 1141 hyphenation exceptions out of 8191
 81i,12n,98p,1548b,2985s stack positions out of 10000i,1000n,20000p,200000b,200000s

pdfTeX warning (dest): name{Hfootnote.2} has been referenced but does not exist, replaced by a fixed one


pdfTeX warning (dest): name{Hfootnote.1} has been referenced but does not exist, replaced by a fixed one

 <C:\Users\eduar\AppData\Local\MiKTeX\fonts/pk/ljfour/jknappen/ec/dpi600\ecrm1095.pk> <C:\Users\eduar\AppData\Local\MiKTeX\fonts/pk/ljfour/jknappen/ec/dpi600\ecti0800.pk> <C:\Users\eduar\AppData\Local\MiKTeX\fonts/pk/ljfour/jknappen/ec/dpi600\ectt1000.pk> <C:\Users\eduar\AppData\Local\MiKTeX\fonts/pk/ljfour/jknappen/ec/dpi600\ecrm0600.pk> <C:\Users\eduar\AppData\Local\MiKTeX\fonts/pk/ljfour/jknappen/ec/dpi600\eccc1200.pk> <C:\Users\eduar\AppData\Local\MiKTeX\fonts/pk/ljfour/jknappen/ec/dpi600\ectt1200.pk> <C:\Users\eduar\AppData\Local\MiKTeX\fonts/pk/ljfour/jknappen/ec/dpi600\tcrm1200.pk> <C:\Users\eduar\AppData\Local\MiKTeX\fonts/pk/ljfour/jknappen/ec/dpi600\ecrm1000.pk> <C:\Users\eduar\AppData\Local\MiKTeX\fonts/pk/ljfour/jknappen/ec/dpi600\ecrm0700.pk> <C:\Users\eduar\AppData\Local\MiKTeX\fonts/pk/ljfour/jknappen/ec/dpi600\ecrm0800.pk> <C:\Users\eduar\AppData\Local\MiKTeX\fonts/pk/ljfour/jknappen/ec/dpi600\ecti1200.pk> <C:\Users\eduar\AppData\Local\MiKTeX\fonts/pk/ljfour/jknappen/ec/dpi600\ecbi1200.pk> <C:\Users\eduar\AppData\Local\MiKTeX\fonts/pk/ljfour/jknappen/ec/dpi600\ecbx1200.pk> <C:\Users\eduar\AppData\Local\MiKTeX\fonts/pk/ljfour/jknappen/ec/dpi600\ecrm1200.pk><C:/Users/eduar/AppData/Local/Programs/MiKTeX/fonts/type1/public/amsfonts/cm/cmbx12.pfb><C:/Users/eduar/AppData/Local/Programs/MiKTeX/fonts/type1/public/amsfonts/cm/cmbx8.pfb><C:/Users/eduar/AppData/Local/Programs/MiKTeX/fonts/type1/public/amsfonts/cm/cmex10.pfb><C:/Users/eduar/AppData/Local/Programs/MiKTeX/fonts/type1/public/amsfonts/cm/cmmi12.pfb><C:/Users/eduar/AppData/Local/Programs/MiKTeX/fonts/type1/public/amsfonts/cm/cmmi8.pfb><C:/Users/eduar/AppData/Local/Programs/MiKTeX/fonts/type1/public/amsfonts/cm/cmr12.pfb><C:/Users/eduar/AppData/Local/Programs/MiKTeX/fonts/type1/public/amsfonts/cm/cmr8.pfb><C:/Users/eduar/AppData/Local/Programs/MiKTeX/fonts/type1/public/amsfonts/cm/cmsy10.pfb><C:/Users/eduar/AppData/Local/Programs/MiKTeX/fonts/type1/public/amsfonts/symbols/msbm10.pfb>
Output written on main.pdf (48 pages, 4857497 bytes).
PDF statistics:
 1225 PDF objects out of 1440 (max. 8388607)
 210 named destinations out of 1000 (max. 500000)
 481 words of extra memory for PDF output out of 10000 (max. 10000000)

