This is pdfTeX, Version 3.141592653-2.6-1.40.28 (TeX Live 2025) (preloaded format=pdflatex 2025.9.21)  30 OCT 2025 20:37
entering extended mode
 restricted \write18 enabled.
 file:line:error style messages enabled.
 %&-line parsing enabled.
**c:/Users/Rafael/Documents/GitHub/TCC/_Latex/main.tex
(c:/Users/Rafael/Documents/GitHub/TCC/_Latex/main.tex
LaTeX2e <2025-06-01> patch level 1
L3 programming layer <2025-09-02>
(./projetofinal-dcc.cls (c:/texlive/2025/texmf-dist/tex/latex/csquotes/csquotes.sty
Package: csquotes 2024-04-04 v5.2o context-sensitive quotations (JAW)
 (c:/texlive/2025/texmf-dist/tex/latex/etoolbox/etoolbox.sty
Package: etoolbox 2025/02/11 v2.5l e-TeX tools for LaTeX (JAW)
\etb@tempcnta=\count275
) (c:/texlive/2025/texmf-dist/tex/latex/graphics/keyval.sty
Package: keyval 2022/05/29 v1.15 key=value parser (DPC)
\KV@toks@=\toks17
)
\csq@reset=\count276
\csq@gtype=\count277
\csq@glevel=\count278
\csq@qlevel=\count279
\csq@maxlvl=\count280
\csq@tshold=\count281
\csq@ltx@everypar=\toks18
Package csquotes Info: The 'quote' environment appears to be undefined.
(csquotes)             I'm defining a typical 'quote' environment now.
 (c:/texlive/2025/texmf-dist/tex/latex/csquotes/csquotes.def
File: csquotes.def 2024-04-04 v5.2o csquotes generic definitions (JAW)
)
Package csquotes Info: Trying to load configuration file 'csquotes.cfg'...
Package csquotes Info: ... configuration file loaded successfully.
 (c:/texlive/2025/texmf-dist/tex/latex/csquotes/csquotes.cfg
File: csquotes.cfg 
)) (c:/texlive/2025/texmf-dist/tex/latex/xcolor/xcolor.sty
Package: xcolor 2024/09/29 v3.02 LaTeX color extensions (UK)
 (c:/texlive/2025/texmf-dist/tex/latex/graphics-cfg/color.cfg
File: color.cfg 2016/01/02 v1.6 sample color configuration
)
Package xcolor Info: Driver file: pdftex.def on input line 274.
 (c:/texlive/2025/texmf-dist/tex/latex/graphics-def/pdftex.def
File: pdftex.def 2024/04/13 v1.2c Graphics/color driver for pdftex
) (c:/texlive/2025/texmf-dist/tex/latex/graphics/mathcolor.ltx)
Package xcolor Info: Model `cmy' substituted by `cmy0' on input line 1349.
Package xcolor Info: Model `hsb' substituted by `rgb' on input line 1353.
Package xcolor Info: Model `RGB' extended on input line 1365.
Package xcolor Info: Model `HTML' substituted by `rgb' on input line 1367.
Package xcolor Info: Model `Hsb' substituted by `hsb' on input line 1368.
Package xcolor Info: Model `tHsb' substituted by `hsb' on input line 1369.
Package xcolor Info: Model `HSB' substituted by `hsb' on input line 1370.
Package xcolor Info: Model `Gray' substituted by `gray' on input line 1371.
Package xcolor Info: Model `wave' substituted by `hsb' on input line 1372.
) (c:/texlive/2025/texmf-dist/tex/latex/colortbl/colortbl.sty
Package: colortbl 2024/10/29 v1.0k Color table columns (DPC)
 (c:/texlive/2025/texmf-dist/tex/latex/tools/array.sty
Package: array 2025/06/08 v2.6j Tabular extension package (FMi)
\col@sep=\dimen148
\ar@mcellbox=\box53
\extrarowheight=\dimen149
\NC@list=\toks19
\extratabsurround=\skip49
\backup@length=\skip50
\ar@cellbox=\box54
)
\everycr=\toks20
\minrowclearance=\skip51
\rownum=\count282
) (c:/texlive/2025/texmf-dist/tex/generic/babel/babel.sty
Package: babel 2025/08/03 v25.12 The multilingual framework for LuaLaTeX, pdfLaTeX and XeLaTeX
\babel@savecnt=\count283
LaTeX Encoding Info:    Redeclaring text command \ij (encoding OT1) on input line 2045.
LaTeX Encoding Info:    Redeclaring text command \IJ (encoding OT1) on input line 2047.
LaTeX Encoding Info:    Redeclaring text command \ij (encoding T1) on input line 2049.
LaTeX Encoding Info:    Redeclaring text command \IJ (encoding T1) on input line 2050.
LaTeX Encoding Info:    Ignoring declaration for text command \ij (encoding ?) on input line 2051.
LaTeX Encoding Info:    Ignoring declaration for text command \IJ (encoding ?) on input line 2053.
LaTeX Encoding Info:    Ignoring declaration for text command \SS (encoding ?) on input line 2078.
\U@D=\dimen150
\l@unhyphenated=\language90
 (c:/texlive/2025/texmf-dist/tex/generic/babel/txtbabel.def)
\bbl@readstream=\read2
\bbl@dirlevel=\count284
 (c:/texlive/2025/texmf-dist/tex/generic/babel-english/english.ldf
Language: english 2017/06/06 v3.3r English support from the babel system
 (c:/texlive/2025/texmf-dist/tex/generic/babel/locale/en/babel-english.tex
Package babel Info: Importing font and identification data for english
(babel)             from babel-en.ini. Reported on input line 12.
)
Package babel Info: Hyphen rules for 'canadian' set to \l@english
(babel)             (\language0). Reported on input line 102.
Package babel Info: Hyphen rules for 'australian' set to \l@ukenglish
(babel)             (\language22). Reported on input line 105.
Package babel Info: Hyphen rules for 'newzealand' set to \l@ukenglish
(babel)             (\language22). Reported on input line 108.
)) (c:/texlive/2025/texmf-dist/tex/latex/biblatex/biblatex.sty
Package: biblatex 2025/07/10 v3.21 programmable bibliographies (PK/MW)
 (c:/texlive/2025/texmf-dist/tex/generic/pdftexcmds/pdftexcmds.sty
Package: pdftexcmds 2020-06-27 v0.33 Utility functions of pdfTeX for LuaTeX (HO)
 (c:/texlive/2025/texmf-dist/tex/generic/infwarerr/infwarerr.sty
Package: infwarerr 2019/12/03 v1.5 Providing info/warning/error messages (HO)
) (c:/texlive/2025/texmf-dist/tex/generic/iftex/iftex.sty
Package: iftex 2024/12/12 v1.0g TeX engine tests
) (c:/texlive/2025/texmf-dist/tex/generic/ltxcmds/ltxcmds.sty
Package: ltxcmds 2023-12-04 v1.26 LaTeX kernel commands for general use (HO)
)
Package pdftexcmds Info: \pdf@primitive is available.
Package pdftexcmds Info: \pdf@ifprimitive is available.
Package pdftexcmds Info: \pdfdraftmode found.
) (c:/texlive/2025/texmf-dist/tex/latex/kvoptions/kvoptions.sty
Package: kvoptions 2022-06-15 v3.15 Key value format for package options (HO)
 (c:/texlive/2025/texmf-dist/tex/latex/kvsetkeys/kvsetkeys.sty
Package: kvsetkeys 2022-10-05 v1.19 Key value parser (HO)
)) (c:/texlive/2025/texmf-dist/tex/latex/logreq/logreq.sty
Package: logreq 2010/08/04 v1.0 xml request logger
\lrq@indent=\count285
 (c:/texlive/2025/texmf-dist/tex/latex/logreq/logreq.def
File: logreq.def 2010/08/04 v1.0 logreq spec v1.0
)) (c:/texlive/2025/texmf-dist/tex/latex/base/ifthen.sty
Package: ifthen 2024/03/16 v1.1e Standard LaTeX ifthen package (DPC)
) (c:/texlive/2025/texmf-dist/tex/latex/url/url.sty
\Urlmuskip=\muskip17
Package: url 2013/09/16  ver 3.4  Verb mode for urls, etc.
)
\c@tabx@nest=\count286
\c@listtotal=\count287
\c@listcount=\count288
\c@liststart=\count289
\c@liststop=\count290
\c@citecount=\count291
\c@citetotal=\count292
\c@multicitecount=\count293
\c@multicitetotal=\count294
\c@instcount=\count295
\c@maxnames=\count296
\c@minnames=\count297
\c@maxitems=\count298
\c@minitems=\count299
\c@citecounter=\count300
\c@maxcitecounter=\count301
\c@savedcitecounter=\count302
\c@uniquelist=\count303
\c@uniquename=\count304
\c@refsection=\count305
\c@refsegment=\count306
\c@maxextratitle=\count307
\c@maxextratitleyear=\count308
\c@maxextraname=\count309
\c@maxextradate=\count310
\c@maxextraalpha=\count311
\c@abbrvpenalty=\count312
\c@highnamepenalty=\count313
\c@lownamepenalty=\count314
\c@maxparens=\count315
\c@parenlevel=\count316
\blx@tempcnta=\count317
\blx@tempcntb=\count318
\blx@tempcntc=\count319
\c@blx@maxsection=\count320
\blx@maxsegment@0=\count321
\blx@notetype=\count322
\blx@parenlevel@text=\count323
\blx@parenlevel@foot=\count324
\blx@sectionciteorder@0=\count325
\blx@sectionciteorderinternal@0=\count326
\blx@entrysetcounter=\count327
\blx@biblioinstance=\count328
\labelnumberwidth=\skip52
\labelalphawidth=\skip53
\biblabelsep=\skip54
\bibitemsep=\skip55
\bibnamesep=\skip56
\bibinitsep=\skip57
\bibparsep=\skip58
\bibhang=\skip59
\blx@bcfin=\read3
\blx@bcfout=\write3
\blx@langwohyphens=\language91
\c@mincomprange=\count329
\c@maxcomprange=\count330
\c@mincompwidth=\count331
Package biblatex Info: Trying to load biblatex default data model...
Package biblatex Info: ... file 'blx-dm.def' found.
 (c:/texlive/2025/texmf-dist/tex/latex/biblatex/blx-dm.def
File: blx-dm.def 2025/07/10 v3.21 biblatex datamodel (PK/MW)
)
Package biblatex Info: Trying to load biblatex style data model...
Package biblatex Info: ... file 'alphabetic.dbx' not found.
Package biblatex Info: Trying to load biblatex custom data model...
Package biblatex Info: ... file 'biblatex-dm.cfg' not found.
\c@afterword=\count332
\c@savedafterword=\count333
\c@annotator=\count334
\c@savedannotator=\count335
\c@author=\count336
\c@savedauthor=\count337
\c@bookauthor=\count338
\c@savedbookauthor=\count339
\c@commentator=\count340
\c@savedcommentator=\count341
\c@editor=\count342
\c@savededitor=\count343
\c@editora=\count344
\c@savededitora=\count345
\c@editorb=\count346
\c@savededitorb=\count347
\c@editorc=\count348
\c@savededitorc=\count349
\c@foreword=\count350
\c@savedforeword=\count351
\c@holder=\count352
\c@savedholder=\count353
\c@introduction=\count354
\c@savedintroduction=\count355
\c@namea=\count356
\c@savednamea=\count357
\c@nameb=\count358
\c@savednameb=\count359
\c@namec=\count360
\c@savednamec=\count361
\c@translator=\count362
\c@savedtranslator=\count363
\c@shortauthor=\count364
\c@savedshortauthor=\count365
\c@shorteditor=\count366
\c@savedshorteditor=\count367
\c@labelname=\count368
\c@savedlabelname=\count369
\c@institution=\count370
\c@savedinstitution=\count371
\c@lista=\count372
\c@savedlista=\count373
\c@listb=\count374
\c@savedlistb=\count375
\c@listc=\count376
\c@savedlistc=\count377
\c@listd=\count378
\c@savedlistd=\count379
\c@liste=\count380
\c@savedliste=\count381
\c@listf=\count382
\c@savedlistf=\count383
\c@location=\count384
\c@savedlocation=\count385
\c@organization=\count386
\c@savedorganization=\count387
\c@origlocation=\count388
\c@savedoriglocation=\count389
\c@origpublisher=\count390
\c@savedorigpublisher=\count391
\c@publisher=\count392
\c@savedpublisher=\count393
\c@language=\count394
\c@savedlanguage=\count395
\c@origlanguage=\count396
\c@savedoriglanguage=\count397
\c@pageref=\count398
\c@savedpageref=\count399
\shorthandwidth=\skip60
\shortjournalwidth=\skip61
\shortserieswidth=\skip62
\shorttitlewidth=\skip63
\shortauthorwidth=\skip64
\shorteditorwidth=\skip65
\locallabelnumberwidth=\skip66
\locallabelalphawidth=\skip67
\localshorthandwidth=\skip68
\localshortjournalwidth=\skip69
\localshortserieswidth=\skip70
\localshorttitlewidth=\skip71
\localshortauthorwidth=\skip72
\localshorteditorwidth=\skip73
Package biblatex Info: Trying to load compatibility code...
Package biblatex Info: ... file 'blx-compat.def' found.
 (c:/texlive/2025/texmf-dist/tex/latex/biblatex/blx-compat.def
File: blx-compat.def 2025/07/10 v3.21 biblatex compatibility (PK/MW)
)
Package biblatex Info: Trying to load generic definitions...
Package biblatex Info: ... file 'biblatex.def' found.
 (c:/texlive/2025/texmf-dist/tex/latex/biblatex/biblatex.def
File: biblatex.def 2025/07/10 v3.21 biblatex compatibility (PK/MW)
\c@textcitecount=\count400
\c@textcitetotal=\count401
\c@textcitemaxnames=\count402
\c@biburlbigbreakpenalty=\count403
\c@biburlbreakpenalty=\count404
\c@biburlnumpenalty=\count405
\c@biburlucpenalty=\count406
\c@biburllcpenalty=\count407
\biburlbigskip=\muskip18
\biburlnumskip=\muskip19
\biburlucskip=\muskip20
\biburllcskip=\muskip21
\c@smartand=\count408
)
Package biblatex Info: Trying to load bibliography style 'alphabetic'...
Package biblatex Info: ... file 'alphabetic.bbx' found.
 (c:/texlive/2025/texmf-dist/tex/latex/biblatex/bbx/alphabetic.bbx
File: alphabetic.bbx 2025/07/10 v3.21 biblatex bibliography style (PK/MW)
Package biblatex Info: Trying to load bibliography style 'standard'...
Package biblatex Info: ... file 'standard.bbx' found.
 (c:/texlive/2025/texmf-dist/tex/latex/biblatex/bbx/standard.bbx
File: standard.bbx 2025/07/10 v3.21 biblatex bibliography style (PK/MW)
\c@bbx:relatedcount=\count409
\c@bbx:relatedtotal=\count410
))
Package biblatex Info: Trying to load citation style 'alphabetic'...
Package biblatex Info: ... file 'alphabetic.cbx' found.
 (c:/texlive/2025/texmf-dist/tex/latex/biblatex/cbx/alphabetic.cbx
File: alphabetic.cbx 2025/07/10 v3.21 biblatex citation style (PK/MW)
Package biblatex Info: Redefining '\cite'.
Package biblatex Info: Redefining '\parencite'.
Package biblatex Info: Redefining '\footcite'.
Package biblatex Info: Redefining '\footcitetext'.
Package biblatex Info: Redefining '\smartcite'.
Package biblatex Info: Redefining '\textcite'.
Package biblatex Info: Redefining '\textcites'.
Package biblatex Info: Redefining '\cites'.
Package biblatex Info: Redefining '\parencites'.
Package biblatex Info: Redefining '\smartcites'.
)
Package biblatex Info: Trying to load configuration file...
Package biblatex Info: ... file 'biblatex.cfg' found.
 (c:/texlive/2025/texmf-dist/tex/latex/biblatex/biblatex.cfg
File: biblatex.cfg 
)
Package biblatex Info: Input encoding 'utf8' detected.
Package biblatex Info: Document encoding is UTF8 ....
 (c:/texlive/2025/texmf-dist/tex/latex/l3kernel/expl3.sty
Package: expl3 2025-09-02 L3 programming layer (loader) 
 (c:/texlive/2025/texmf-dist/tex/latex/l3backend/l3backend-pdftex.def
File: l3backend-pdftex.def 2025-06-09 L3 backend support: PDF output (pdfTeX)
\l__color_backend_stack_int=\count411
))
Package biblatex Info: ... and expl3
(biblatex)             2025-09-02 L3 programming layer (loader) 
(biblatex)             is new enough (at least 2020/04/06),
(biblatex)             setting 'casechanger=expl3'.
 (c:/texlive/2025/texmf-dist/tex/latex/biblatex/blx-case-expl3.sty (c:/texlive/2025/texmf-dist/tex/latex/l3packages/xparse/xparse.sty
Package: xparse 2024-08-16 L3 Experimental document command parser
)
Package: blx-case-expl3 2025/07/10 v3.21 expl3 case changing code for biblatex
))
Document Class: projetofinal-dcc 2018/05/01 v1.0.0 Formatacao de documentos para o projeto final do DCC/UFRJ
(c:/texlive/2025/texmf-dist/tex/latex/base/report.cls
Document Class: report 2025/01/22 v1.4n Standard LaTeX document class
(c:/texlive/2025/texmf-dist/tex/latex/base/size12.clo
File: size12.clo 2025/01/22 v1.4n Standard LaTeX file (size option)
)
\c@part=\count412
\c@chapter=\count413
\c@section=\count414
\c@subsection=\count415
\c@subsubsection=\count416
\c@paragraph=\count417
\c@subparagraph=\count418


c:/texlive/2025/texmf-dist/tex/latex/base/report.cls:483: LaTeX Error: Command \quote already defined.
               Or name \end... illegal, see p.192 of the manual.

See the LaTeX manual or LaTeX Companion for explanation.
Type  H <return>  for immediate help.
 ...                                              
                                                  
l.483                {\endlist}
                               
Your command was ignored.
Type  I <command> <return>  to replace it with another command,
or  <return>  to continue without it.

\c@figure=\count419
\c@table=\count420
\abovecaptionskip=\skip74
\belowcaptionskip=\skip75
\bibindent=\dimen151
) (c:/texlive/2025/texmf-dist/tex/latex/base/inputenc.sty
Package: inputenc 2024/02/08 v1.3d Input encoding file
\inpenc@prehook=\toks21
\inpenc@posthook=\toks22
) (c:/texlive/2025/texmf-dist/tex/latex/base/fontenc.sty
Package: fontenc 2024/12/21 v2.1c Standard LaTeX package
) (c:/texlive/2025/texmf-dist/tex/latex/tools/indentfirst.sty
Package: indentfirst 2023/07/02 v1.03 Indent first paragraph (DPC)
) (c:/texlive/2025/texmf-dist/tex/latex/graphics/graphicx.sty
Package: graphicx 2024/12/31 v1.2e Enhanced LaTeX Graphics (DPC,SPQR)
 (c:/texlive/2025/texmf-dist/tex/latex/graphics/graphics.sty
Package: graphics 2024/08/06 v1.4g Standard LaTeX Graphics (DPC,SPQR)
 (c:/texlive/2025/texmf-dist/tex/latex/graphics/trig.sty
Package: trig 2023/12/02 v1.11 sin cos tan (DPC)
) (c:/texlive/2025/texmf-dist/tex/latex/graphics-cfg/graphics.cfg
File: graphics.cfg 2016/06/04 v1.11 sample graphics configuration
)
Package graphics Info: Driver file: pdftex.def on input line 106.
)
\Gin@req@height=\dimen152
\Gin@req@width=\dimen153
) (c:/texlive/2025/texmf-dist/tex/latex/amsmath/amsmath.sty
Package: amsmath 2025/06/16 v2.17y AMS math features
\@mathmargin=\skip76

For additional information on amsmath, use the `?' option.
(c:/texlive/2025/texmf-dist/tex/latex/amsmath/amstext.sty
Package: amstext 2024/11/17 v2.01 AMS text
 (c:/texlive/2025/texmf-dist/tex/latex/amsmath/amsgen.sty
File: amsgen.sty 1999/11/30 v2.0 generic functions
\@emptytoks=\toks23
\ex@=\dimen154
)) (c:/texlive/2025/texmf-dist/tex/latex/amsmath/amsbsy.sty
Package: amsbsy 1999/11/29 v1.2d Bold Symbols
\pmbraise@=\dimen155
) (c:/texlive/2025/texmf-dist/tex/latex/amsmath/amsopn.sty
Package: amsopn 2022/04/08 v2.04 operator names
)
\inf@bad=\count421
LaTeX Info: Redefining \frac on input line 233.
\uproot@=\count422
\leftroot@=\count423
LaTeX Info: Redefining \overline on input line 398.
LaTeX Info: Redefining \colon on input line 409.
\classnum@=\count424
\DOTSCASE@=\count425
LaTeX Info: Redefining \ldots on input line 495.
LaTeX Info: Redefining \dots on input line 498.
LaTeX Info: Redefining \cdots on input line 619.
\Mathstrutbox@=\box55
\strutbox@=\box56
LaTeX Info: Redefining \big on input line 721.
LaTeX Info: Redefining \Big on input line 722.
LaTeX Info: Redefining \bigg on input line 723.
LaTeX Info: Redefining \Bigg on input line 724.
\big@size=\dimen156
LaTeX Font Info:    Redeclaring font encoding OML on input line 742.
LaTeX Font Info:    Redeclaring font encoding OMS on input line 743.
\macc@depth=\count426
LaTeX Info: Redefining \bmod on input line 904.
LaTeX Info: Redefining \pmod on input line 909.
LaTeX Info: Redefining \smash on input line 939.
LaTeX Info: Redefining \relbar on input line 969.
LaTeX Info: Redefining \Relbar on input line 970.
\c@MaxMatrixCols=\count427
\dotsspace@=\muskip22
\c@parentequation=\count428
\dspbrk@lvl=\count429
\tag@help=\toks24
\row@=\count430
\column@=\count431
\maxfields@=\count432
\andhelp@=\toks25
\eqnshift@=\dimen157
\alignsep@=\dimen158
\tagshift@=\dimen159
\tagwidth@=\dimen160
\totwidth@=\dimen161
\lineht@=\dimen162
\@envbody=\toks26
\multlinegap=\skip77
\multlinetaggap=\skip78
\mathdisplay@stack=\toks27
LaTeX Info: Redefining \[ on input line 2949.
LaTeX Info: Redefining \] on input line 2950.
) (c:/texlive/2025/texmf-dist/tex/latex/hyperref/hyperref.sty
Package: hyperref 2025-07-12 v7.01o Hypertext links for LaTeX
 (c:/texlive/2025/texmf-dist/tex/generic/kvdefinekeys/kvdefinekeys.sty
Package: kvdefinekeys 2019-12-19 v1.6 Define keys (HO)
) (c:/texlive/2025/texmf-dist/tex/generic/pdfescape/pdfescape.sty
Package: pdfescape 2019/12/09 v1.15 Implements pdfTeX's escape features (HO)
) (c:/texlive/2025/texmf-dist/tex/latex/hycolor/hycolor.sty
Package: hycolor 2020-01-27 v1.10 Color options for hyperref/bookmark (HO)
) (c:/texlive/2025/texmf-dist/tex/latex/hyperref/nameref.sty
Package: nameref 2025-06-21 v2.57 Cross-referencing by name of section
 (c:/texlive/2025/texmf-dist/tex/latex/refcount/refcount.sty
Package: refcount 2019/12/15 v3.6 Data extraction from label references (HO)
) (c:/texlive/2025/texmf-dist/tex/generic/gettitlestring/gettitlestring.sty
Package: gettitlestring 2019/12/15 v1.6 Cleanup title references (HO)
)
\c@section@level=\count433
) (c:/texlive/2025/texmf-dist/tex/generic/stringenc/stringenc.sty
Package: stringenc 2019/11/29 v1.12 Convert strings between diff. encodings (HO)
)
\@linkdim=\dimen163
\Hy@linkcounter=\count434
\Hy@pagecounter=\count435
 (c:/texlive/2025/texmf-dist/tex/latex/hyperref/pd1enc.def
File: pd1enc.def 2025-07-12 v7.01o Hyperref: PDFDocEncoding definition (HO)
Now handling font encoding PD1 ...
... no UTF-8 mapping file for font encoding PD1
) (c:/texlive/2025/texmf-dist/tex/generic/intcalc/intcalc.sty
Package: intcalc 2019/12/15 v1.3 Expandable calculations with integers (HO)
)
\Hy@SavedSpaceFactor=\count436
 (c:/texlive/2025/texmf-dist/tex/latex/hyperref/puenc.def
File: puenc.def 2025-07-12 v7.01o Hyperref: PDF Unicode definition (HO)
Now handling font encoding PU ...
... no UTF-8 mapping file for font encoding PU
)
Package hyperref Info: Hyper figures OFF on input line 4195.
Package hyperref Info: Link nesting OFF on input line 4200.
Package hyperref Info: Hyper index ON on input line 4203.
Package hyperref Info: Plain pages OFF on input line 4210.
Package hyperref Info: Backreferencing OFF on input line 4215.
Package hyperref Info: Implicit mode ON; LaTeX internals redefined.
Package hyperref Info: Bookmarks ON on input line 4462.
\c@Hy@tempcnt=\count437
LaTeX Info: Redefining \url on input line 4801.
\XeTeXLinkMargin=\dimen164
 (c:/texlive/2025/texmf-dist/tex/generic/bitset/bitset.sty
Package: bitset 2019/12/09 v1.3 Handle bit-vector datatype (HO)
 (c:/texlive/2025/texmf-dist/tex/generic/bigintcalc/bigintcalc.sty
Package: bigintcalc 2019/12/15 v1.5 Expandable calculations on big integers (HO)
))
\Fld@menulength=\count438
\Field@Width=\dimen165
\Fld@charsize=\dimen166
Package hyperref Info: Hyper figures OFF on input line 6078.
Package hyperref Info: Link nesting OFF on input line 6083.
Package hyperref Info: Hyper index ON on input line 6086.
Package hyperref Info: backreferencing OFF on input line 6093.
Package hyperref Info: Link coloring OFF on input line 6098.
Package hyperref Info: Link coloring with OCG OFF on input line 6103.
Package hyperref Info: PDF/A mode OFF on input line 6108.
\Hy@abspage=\count439
\c@Item=\count440
\c@Hfootnote=\count441
)
Package hyperref Info: Driver (autodetected): hpdftex.
 (c:/texlive/2025/texmf-dist/tex/latex/hyperref/hpdftex.def
File: hpdftex.def 2025-07-12 v7.01o Hyperref driver for pdfTeX
\Fld@listcount=\count442
\c@bookmark@seq@number=\count443
 (c:/texlive/2025/texmf-dist/tex/latex/rerunfilecheck/rerunfilecheck.sty
Package: rerunfilecheck 2025-06-21 v1.11 Rerun checks for auxiliary files (HO)
 (c:/texlive/2025/texmf-dist/tex/generic/uniquecounter/uniquecounter.sty
Package: uniquecounter 2019/12/15 v1.4 Provide unlimited unique counter (HO)
)
Package uniquecounter Info: New unique counter `rerunfilecheck' on input line 284.
)
\Hy@SectionHShift=\skip79
) (c:/texlive/2025/texmf-dist/tex/latex/fancyhdr/fancyhdr.sty
Package: fancyhdr 2025/02/07 v5.2 Extensive control of page headers and footers
\f@nch@headwidth=\skip80
\f@nch@offset@elh=\skip81
\f@nch@offset@erh=\skip82
\f@nch@offset@olh=\skip83
\f@nch@offset@orh=\skip84
\f@nch@offset@elf=\skip85
\f@nch@offset@erf=\skip86
\f@nch@offset@olf=\skip87
\f@nch@offset@orf=\skip88
\f@nch@height=\skip89
\f@nch@footalignment=\skip90
\f@nch@widthL=\skip91
\f@nch@widthC=\skip92
\f@nch@widthR=\skip93
\@temptokenb=\toks28
) (./iidefs.sty
Package: iidefs 
) (c:/texlive/2025/texmf-dist/tex/latex/listings/listings.sty
\lst@mode=\count444
\lst@gtempboxa=\box57
\lst@token=\toks29
\lst@length=\count445
\lst@currlwidth=\dimen167
\lst@column=\count446
\lst@pos=\count447
\lst@lostspace=\dimen168
\lst@width=\dimen169
\lst@newlines=\count448
\lst@lineno=\count449
\lst@maxwidth=\dimen170
 (c:/texlive/2025/texmf-dist/tex/latex/listings/lstpatch.sty
File: lstpatch.sty 2024/09/23 1.10c (Carsten Heinz)
) (c:/texlive/2025/texmf-dist/tex/latex/listings/lstmisc.sty
File: lstmisc.sty 2024/09/23 1.10c (Carsten Heinz)
\c@lstnumber=\count450
\lst@skipnumbers=\count451
\lst@framebox=\box58
) (c:/texlive/2025/texmf-dist/tex/latex/listings/listings.cfg
File: listings.cfg 2024/09/23 1.10c listings configuration
))
Package: listings 2024/09/23 1.10c (Carsten Heinz)
 (c:/texlive/2025/texmf-dist/tex/latex/appendix/appendix.sty
Package: appendix 2020/02/08 v1.2c extra appendix facilities
\c@@pps=\count452
\c@@ppsavesec=\count453
\c@@ppsaveapp=\count454
) (c:/texlive/2025/texmf-dist/tex/latex/enumitem/enumitem.sty
Package: enumitem 2025/02/06 v3.11 Customized lists
\labelindent=\skip94
\enit@outerparindent=\dimen171
\enit@toks=\toks30
\enit@inbox=\box59
\enit@count@id=\count455
\enitdp@description=\count456
) (c:/texlive/2025/texmf-dist/tex/latex/caption/caption.sty
Package: caption 2023/08/05 v3.6o Customizing captions (AR)
 (c:/texlive/2025/texmf-dist/tex/latex/caption/caption3.sty
Package: caption3 2023/07/31 v2.4d caption3 kernel (AR)
\caption@tempdima=\dimen172
\captionmargin=\dimen173
\caption@leftmargin=\dimen174
\caption@rightmargin=\dimen175
\caption@width=\dimen176
\caption@indent=\dimen177
\caption@parindent=\dimen178
\caption@hangindent=\dimen179
Package caption Info: Standard document class detected.
)
\c@caption@flags=\count457
\c@continuedfloat=\count458
Package caption Info: hyperref package is loaded.
Package caption Info: listings package is loaded.
) (c:/texlive/2025/texmf-dist/tex/latex/float/float.sty
Package: float 2001/11/08 v1.3d Float enhancements (AL)
\c@float@type=\count459
\float@exts=\toks31
\float@box=\box60
\@float@everytoks=\toks32
\@floatcapt=\box61
) (c:/texlive/2025/texmf-dist/tex/latex/wrapfig/wrapfig.sty
\wrapoverhang=\dimen180
\WF@size=\dimen181
\c@WF@wrappedlines=\count460
\WF@box=\box62
\WF@everypar=\toks33
Package: wrapfig 2003/01/31  v 3.6
)
\c@ii@authorcount=\count461
\c@ii@bancacount=\count462
\titlepagewinwidth=\skip95
\titlepagewinheight=\skip96
\titlepagewinvoffset=\skip97
 (./tocstyle.sty
Package: tocstyle 2020/06/06 v0.2k-alpha deprecated package (versatile toc styles)


Package tocstyle Warning: THIS IS A DEPRECATED ALPHA VERSION!
(tocstyle)                USAGE OF THIS VERSION IS ON YOUR OWN RISK!
(tocstyle)                EVERYTHING MAY HAPPEN!
(tocstyle)                THE PACKAGE IS FROZEN WITH ALL IT'S BUGS!
(tocstyle)                THERE IS NO SUPPORT, IF YOU USE THIS PACKAGE!
(tocstyle)                Maybe it would be better, not to load this package.

\tocstyle@indentstyle=\count463
Package tocstyle Info: no tocstyle.cfg found on input line 949.
)
exclude: 
exclude: 
exclude: 
exclude: 
exclude: 
exclude: 
exclude: 
exclude: 
(c:/texlive/2025/texmf-dist/tex/latex/chngcntr/chngcntr.sty
Package: chngcntr 2018/04/09 v1.1a change counter resetting
Package chngcntr Info: \counterwithout already defined.
(chngcntr)             Quitting chngcntr on input line 21.
)) (c:/texlive/2025/texmf-dist/tex/latex/amsfonts/amsfonts.sty
Package: amsfonts 2013/01/14 v3.01 Basic AMSFonts support
\symAMSa=\mathgroup4
\symAMSb=\mathgroup5
LaTeX Font Info:    Redeclaring math symbol \hbar on input line 98.
LaTeX Font Info:    Overwriting math alphabet `\mathfrak' in version `bold'
(Font)                  U/euf/m/n --> U/euf/b/n on input line 106.
) (c:/texlive/2025/texmf-dist/tex/latex/amsfonts/amssymb.sty
Package: amssymb 2013/01/14 v3.01 AMS font symbols
) (c:/texlive/2025/texmf-dist/tex/latex/amscls/amsthm.sty
Package: amsthm 2020/05/29 v2.20.6
\thm@style=\toks34
\thm@bodyfont=\toks35
\thm@headfont=\toks36
\thm@notefont=\toks37
\thm@headpunct=\toks38
\thm@preskip=\skip98
\thm@postskip=\skip99
\thm@headsep=\skip100
\dth@everypar=\toks39
) (c:/texlive/2025/texmf-dist/tex/latex/algorithms/algorithm.sty
Package: algorithm 2009/08/24 v0.1 Document Style `algorithm' - floating environment
\@float@every@algorithm=\toks40
\c@algorithm=\count464
) (c:/texlive/2025/texmf-dist/tex/latex/algorithmicx/algpseudocode.sty
Package: algpseudocode 
 (c:/texlive/2025/texmf-dist/tex/latex/algorithmicx/algorithmicx.sty
Package: algorithmicx 2005/04/27 v1.2 Algorithmicx

Document Style algorithmicx 1.2 - a greatly improved `algorithmic' style
\c@ALG@line=\count465
\c@ALG@rem=\count466
\c@ALG@nested=\count467
\ALG@tlm=\skip101
\ALG@thistlm=\skip102
\c@ALG@Lnr=\count468
\c@ALG@blocknr=\count469
\c@ALG@storecount=\count470
\c@ALG@tmpcounter=\count471
\ALG@tmplength=\skip103
)
Document Style - pseudocode environments for use with the `algorithmicx' style
) (c:/texlive/2025/texmf-dist/tex/latex/subfig/subfig.sty
Package: subfig 2005/06/28 ver: 1.3 subfig package
\c@KVtest=\count472
\sf@farskip=\skip104
\sf@captopadj=\dimen182
\sf@capskip=\skip105
\sf@nearskip=\skip106
\c@subfigure=\count473
\c@subfigure@save=\count474
\c@lofdepth=\count475
\c@subtable=\count476
\c@subtable@save=\count477
\c@lotdepth=\count478
\sf@top=\skip107
\sf@bottom=\skip108
) (./listings-glsl.prf (c:/texlive/2025/texmf-dist/tex/latex/listings/lstmisc.sty
File: lstmisc.sty 2024/09/23 1.10c (Carsten Heinz)
))

Package csquotes Warning: Load 'inputenc' before 'csquotes' on input line 71.

Package csquotes Info: Checking for multilingual support...
Package csquotes Info: ... found 'babel' package.
Package csquotes Info: Adjusting default style.
Package csquotes Info: Redefining alias 'default' -> 'english'.

Package biblatex Warning: Load 'inputenc' before biblatex.

No file main.aux.
\openout1 = `main.aux'.

LaTeX Font Info:    Checking defaults for OML/cmm/m/it on input line 71.
LaTeX Font Info:    ... okay on input line 71.
LaTeX Font Info:    Checking defaults for OMS/cmsy/m/n on input line 71.
LaTeX Font Info:    ... okay on input line 71.
LaTeX Font Info:    Checking defaults for OT1/cmr/m/n on input line 71.
LaTeX Font Info:    ... okay on input line 71.
LaTeX Font Info:    Checking defaults for T1/cmr/m/n on input line 71.
LaTeX Font Info:    ... okay on input line 71.
LaTeX Font Info:    Checking defaults for TS1/cmr/m/n on input line 71.
LaTeX Font Info:    ... okay on input line 71.
LaTeX Font Info:    Checking defaults for OMX/cmex/m/n on input line 71.
LaTeX Font Info:    ... okay on input line 71.
LaTeX Font Info:    Checking defaults for U/cmr/m/n on input line 71.
LaTeX Font Info:    ... okay on input line 71.
LaTeX Font Info:    Checking defaults for PD1/pdf/m/n on input line 71.
LaTeX Font Info:    ... okay on input line 71.
LaTeX Font Info:    Checking defaults for PU/pdf/m/n on input line 71.
LaTeX Font Info:    ... okay on input line 71.
(c:/texlive/2025/texmf-dist/tex/context/base/mkii/supp-pdf.mkii
[Loading MPS to PDF converter (version 2006.09.02).]
\scratchcounter=\count479
\scratchdimen=\dimen183
\scratchbox=\box63
\nofMPsegments=\count480
\nofMParguments=\count481
\everyMPshowfont=\toks41
\MPscratchCnt=\count482
\MPscratchDim=\dimen184
\MPnumerator=\count483
\makeMPintoPDFobject=\count484
\everyMPtoPDFconversion=\toks42
) (c:/texlive/2025/texmf-dist/tex/latex/epstopdf-pkg/epstopdf-base.sty
Package: epstopdf-base 2020-01-24 v2.11 Base part for package epstopdf
Package epstopdf-base Info: Redefining graphics rule for `.eps' on input line 485.
 (c:/texlive/2025/texmf-dist/tex/latex/latexconfig/epstopdf-sys.cfg
File: epstopdf-sys.cfg 2010/07/13 v1.3 Configuration of (r)epstopdf for TeX Live
))
Package biblatex Info: Trying to load language 'english'...
Package biblatex Info: ... file 'english.lbx' found.
 (c:/texlive/2025/texmf-dist/tex/latex/biblatex/lbx/english.lbx
File: english.lbx 2025/07/10 v3.21 biblatex localization (PK/MW)
)
Package biblatex Info: Input encoding 'utf8' detected.
Package biblatex Info: Automatic encoding selection.
(biblatex)             Assuming data encoding 'utf8'.
\openout3 = `main.bcf'.

Package biblatex Info: Trying to load bibliographic data...
Package biblatex Info: ... file 'main.bbl' found.
 (./main.bbl)
Package biblatex Info: Reference section=0 on input line 71.
Package biblatex Info: Reference segment=0 on input line 71.
Package hyperref Info: Link coloring OFF on input line 71.
\@outlinefile=\write4
\openout4 = `main.out'.

\c@lstlisting=\count485
Package caption Info: Begin \AtBeginDocument code.
Package caption Info: subfig package v1.3 is loaded.
Package caption Info: float package is loaded.
Package caption Info: wrapfig package is loaded.
Package caption Info: End \AtBeginDocument code.
Package tocstyle Info: prepare \l@part for redefinition on input line 71.
Package tocstyle Info: prepare \l@chapter for redefinition on input line 71.
Package tocstyle Info: prepare \l@section for redefinition on input line 71.
LaTeX Font Info:    Trying to load font information for U+msa on input line 71.
 (c:/texlive/2025/texmf-dist/tex/latex/amsfonts/umsa.fd
File: umsa.fd 2013/01/14 v3.01 AMS symbols A
)
LaTeX Font Info:    Trying to load font information for U+msb on input line 71.
 (c:/texlive/2025/texmf-dist/tex/latex/amsfonts/umsb.fd
File: umsb.fd 2013/01/14 v3.01 AMS symbols B
)
Package tocstyle Info: prepare \l@subsection for redefinition on input line 71.
Package tocstyle Info: prepare \l@table for redefinition on input line 71.
Package tocstyle Info: prepare \l@figure for redefinition on input line 71.

Underfull \hbox (badness 10000) in paragraph at lines 97--97

 []



[1

{c:/texlive/2025/texmf-var/fonts/map/pdftex/updmap/pdftex.map}{c:/texlive/2025/texmf-dist/fonts/enc/dvips/cm-super/cm-super-t1.enc}]
Underfull \vbox (badness 10000) detected at line 97
 []


Underfull \hbox (badness 10000) in paragraph at lines 97--97

 []


Underfull \hbox (badness 10000) in paragraph at lines 97--97

 []

c:/Users/Rafael/Documents/GitHub/TCC/_Latex/main.tex:97: Undefined control sequence.
<argument> \advisorname 
                        : \@advisor \\
l.97 \maketitle
               
The control sequence at the end of the top line
of your error message was never \def'ed. If you have
misspelled it (e.g., `\hobx'), type `I' and the correct
spelling (e.g., `I\hbox'). Otherwise just continue,
and I'll forget about whatever was undefined.

c:/Users/Rafael/Documents/GitHub/TCC/_Latex/main.tex:97: Undefined control sequence.
<recently read> \coadvisorname 
                               
l.97 \maketitle
               
The control sequence at the end of the top line
of your error message was never \def'ed. If you have
misspelled it (e.g., `\hobx'), type `I' and the correct
spelling (e.g., `I\hbox'). Otherwise just continue,
and I'll forget about whatever was undefined.


Underfull \hbox (badness 10000) in paragraph at lines 97--97
[]\T1/cmr/m/n/12 : Prof. Joăo An-tônio Re-cio da
 []


Underfull \hbox (badness 10000) in paragraph at lines 97--97

 []


Underfull \hbox (badness 10000) in paragraph at lines 97--97

 []




pdfTeX warning (ext4): destination with the same identifier (name{page.1}) has been already used, duplicate ignored
<to be read again> 
                   \relax 
l.97 \maketitle
                [1

]
<elementos-pretextuais/ficha_catalografica.png, id=13, 539.01375pt x 376.40625pt>
File: elementos-pretextuais/ficha_catalografica.png Graphic file (type png)
<use elementos-pretextuais/ficha_catalografica.png>
Package pdftex.def Info: elementos-pretextuais/ficha_catalografica.png  used on input line 97.
(pdftex.def)             Requested size: 426.79134pt x 298.04114pt.


[1

 <./elementos-pretextuais/ficha_catalografica.png>]
Underfull \vbox (badness 10000) detected at line 97
 []


Overfull \vbox (25.60748pt too high) detected at line 97
 []


Overfull \hbox (17.62482pt too wide) in paragraph at lines 97--97
[][] 
 []




pdfTeX warning (ext4): destination with the same identifier (name{page.}) has been already used, duplicate ignored
<to be read again> 
                   \relax 
l.97 \maketitle
                [2

] (./elementos-pretextuais/abstract.tex)


pdfTeX warning (ext4): destination with the same identifier (name{page.}) has been already used, duplicate ignored
<to be read again> 
                   \relax 
l.143 \makefigurespage
                       [3]
No file main.lof.
\tf@lof=\write5
\openout5 = `main.lof'.




pdfTeX warning (ext4): destination with the same identifier (name{page.}) has been already used, duplicate ignored
<to be read again> 
                   \relax 
l.144 
       [4

]
No file main.toc.
\tf@toc=\write6
\openout6 = `main.toc'.




pdfTeX warning (ext4): destination with the same identifier (name{page.}) has been already used, duplicate ignored
<to be read again> 
                   \relax 
l.159 
       [5] (./elementos-textuais/capitulo-1.tex
Chapter 1.
<imagens/raymarched-clouds-schneider.png, id=41, 980.91469pt x 561.59813pt>
File: imagens/raymarched-clouds-schneider.png Graphic file (type png)
<use imagens/raymarched-clouds-schneider.png>
Package pdftex.def Info: imagens/raymarched-clouds-schneider.png  used on input line 15.
(pdftex.def)             Requested size: 393.49646pt x 258.92097pt.


[6

]
pdfTeX warning (ext4): destination with the same identifier (name{Hfootnote.2}) has been already used, duplicate ignored
<to be read again> 
                   \relax 
l.23 ...es/s2016-pbs-frostbite-sky-clouds-new.pdf}
                                                  
Underfull \hbox (badness 10000) in paragraph at lines 23--23
[][][]\T1/cmr/m/n/10 Source: https://media.contentapi.ea.com/content/dam/eacom/frostbite/files/s2016-pbs-
 []



[7 <./imagens/raymarched-clouds-schneider.png>]) (./elementos-textuais/capitulo-2.tex

[8]
Chapter 2.
<imagens/ray-trace.jpg, id=69, 1066.98625pt x 701.62125pt>
File: imagens/ray-trace.jpg Graphic file (type jpg)
<use imagens/ray-trace.jpg>
Package pdftex.def Info: imagens/ray-trace.jpg  used on input line 11.
(pdftex.def)             Requested size: 302.72665pt x 199.17189pt.


[9

{c:/texlive/2025/texmf-dist/fonts/enc/dvips/cm-super/cm-super-ts1.enc}]
Package hyperref Info: bookmark level for unknown algorithm defaults to 0 on input line 33.


[10 <./imagens/ray-trace.jpg>]
Package hyperref Info: bookmark level for unknown lstlisting defaults to 0 on input line 58.


[11]

[12]
<imagens/unlit-raytraced-sphere.png, id=127, 596.2275pt x 567.11874pt>
File: imagens/unlit-raytraced-sphere.png Graphic file (type png)
<use imagens/unlit-raytraced-sphere.png>
Package pdftex.def Info: imagens/unlit-raytraced-sphere.png  used on input line 114.
(pdftex.def)             Requested size: 217.38014pt x 217.37651pt.


[13 <./imagens/unlit-raytraced-sphere.png>]

LaTeX Warning: Reference `fig:internet' on page 14 undefined on input line 124.


LaTeX Warning: Reference `fig:spheretracing' on page 14 undefined on input line 124.


LaTeX Warning: Reference `fig:raymarch_fail' on page 14 undefined on input line 124.


LaTeX Warning: Reference `fig:spheretracing' on page 14 undefined on input line 126.


LaTeX Warning: Reference `alg:marchray' on page 14 undefined on input line 126.

<imagens/spheretracing.png, id=135, 376.40625pt x 265.99374pt>
File: imagens/spheretracing.png Graphic file (type png)
<use imagens/spheretracing.png>
Package pdftex.def Info: imagens/spheretracing.png  used on input line 130.
(pdftex.def)             Requested size: 217.38531pt x 153.64737pt.
<imagens/raymarch_fixed_fail.jpg, id=136, 188.20313pt x 110.66344pt>
File: imagens/raymarch_fixed_fail.jpg Graphic file (type jpg)
<use imagens/raymarch_fixed_fail.jpg>
Package pdftex.def Info: imagens/raymarch_fixed_fail.jpg  used on input line 137.
(pdftex.def)             Requested size: 217.39392pt x 127.76007pt.
<imagens/unlit-raymarched-sphere.png, id=139, 816.04875pt x 567.11874pt>
File: imagens/unlit-raymarched-sphere.png Graphic file (type png)
<use imagens/unlit-raymarched-sphere.png>
Package pdftex.def Info: imagens/unlit-raymarched-sphere.png  used on input line 144.
(pdftex.def)             Requested size: 217.37256pt x 150.79631pt.


[14]
Overfull \vbox (105.63464pt too high) has occurred while \output is active []



[15 <./imagens/spheretracing.png> <./imagens/raymarch_fixed_fail.jpg>]

LaTeX Warning: Reference `fig:unlit_march_sphere' on page 16 undefined on input line 173.



[16 <./imagens/unlit-raymarched-sphere.png>]) (./elementos-textuais/capitulo-3.tex

[17]
Chapter 3.


[18

]

[19]
<imagens/circle-plainColor.png, id=198, 700.6175pt x 393.47pt>
File: imagens/circle-plainColor.png Graphic file (type png)
<use imagens/circle-plainColor.png>
Package pdftex.def Info: imagens/circle-plainColor.png  used on input line 68.
(pdftex.def)             Requested size: 170.71718pt x 95.87564pt.
<imagens/circle-customColor.png, id=199, 700.6175pt x 393.47pt>
File: imagens/circle-customColor.png Graphic file (type png)
<use imagens/circle-customColor.png>
Package pdftex.def Info: imagens/circle-customColor.png  used on input line 74.
(pdftex.def)             Requested size: 170.71718pt x 95.87564pt.


LaTeX Warning: Reference `fig:plainColoredCircle' on page 20 undefined on input line 80.


LaTeX Warning: Reference `fig:customColoredCircle' on page 20 undefined on input line 80.

<imagens/sdf-sphere.png, id=200, 700.6175pt x 393.47pt>
File: imagens/sdf-sphere.png Graphic file (type png)
<use imagens/sdf-sphere.png>
Package pdftex.def Info: imagens/sdf-sphere.png  used on input line 86.
(pdftex.def)             Requested size: 256.0774pt x 143.81648pt.
<imagens/rectangle-customColor.png, id=202, 700.6175pt x 393.47pt>
File: imagens/rectangle-customColor.png Graphic file (type png)
<use imagens/rectangle-customColor.png>
Package pdftex.def Info: imagens/rectangle-customColor.png  used on input line 97.
(pdftex.def)             Requested size: 256.0774pt x 143.81648pt.


[20 <./imagens/circle-plainColor.png> <./imagens/circle-customColor.png>]

LaTeX Warning: Reference `fig:square_sdf' on page 21 undefined on input line 116.



[21 <./imagens/sdf-sphere.png> <./imagens/rectangle-customColor.png>]
<imagens/square_sdf.png, id=235, 646.415pt x 640.3925pt>
File: imagens/square_sdf.png Graphic file (type png)
<use imagens/square_sdf.png>
Package pdftex.def Info: imagens/square_sdf.png  used on input line 127.
(pdftex.def)             Requested size: 213.39651pt x 211.39857pt.


[22 <./imagens/square_sdf.png>]
<imagens/sdf-cube.png, id=241, 1927.2pt x 1084.05pt>
File: imagens/sdf-cube.png Graphic file (type png)
<use imagens/sdf-cube.png>
Package pdftex.def Info: imagens/sdf-cube.png  used on input line 139.
(pdftex.def)             Requested size: 256.0774pt x 144.0412pt.


[23 <./imagens/sdf-cube.png>]

[24]
<imagens/sdf-operations/cube.png, id=269, 803.0pt x 451.6875pt>
File: imagens/sdf-operations/cube.png Graphic file (type png)
<use imagens/sdf-operations/cube.png>
Package pdftex.def Info: imagens/sdf-operations/cube.png  used on input line 201.
(pdftex.def)             Requested size: 128.0387pt x 72.01646pt.
<imagens/sdf-operations/sphere.png, id=270, 803.0pt x 451.6875pt>
File: imagens/sdf-operations/sphere.png Graphic file (type png)
<use imagens/sdf-operations/sphere.png>
Package pdftex.def Info: imagens/sdf-operations/sphere.png  used on input line 207.
(pdftex.def)             Requested size: 128.0387pt x 72.01646pt.
<imagens/sdf-operations/union.png, id=271, 803.0pt x 451.6875pt>
File: imagens/sdf-operations/union.png Graphic file (type png)
<use imagens/sdf-operations/union.png>
Package pdftex.def Info: imagens/sdf-operations/union.png  used on input line 213.
(pdftex.def)             Requested size: 128.0387pt x 72.01646pt.
<imagens/sdf-operations/intersection.png, id=272, 803.0pt x 451.6875pt>
File: imagens/sdf-operations/intersection.png Graphic file (type png)
<use imagens/sdf-operations/intersection.png>
Package pdftex.def Info: imagens/sdf-operations/intersection.png  used on input line 222.
(pdftex.def)             Requested size: 128.0387pt x 72.01646pt.
<imagens/sdf-operations/subtraction1.png, id=273, 803.0pt x 451.6875pt>
File: imagens/sdf-operations/subtraction1.png Graphic file (type png)
<use imagens/sdf-operations/subtraction1.png>
Package pdftex.def Info: imagens/sdf-operations/subtraction1.png  used on input line 228.
(pdftex.def)             Requested size: 128.0387pt x 72.01646pt.
<imagens/sdf-operations/subtraction2.png, id=274, 803.0pt x 451.6875pt>
File: imagens/sdf-operations/subtraction2.png Graphic file (type png)
<use imagens/sdf-operations/subtraction2.png>
Package pdftex.def Info: imagens/sdf-operations/subtraction2.png  used on input line 234.
(pdftex.def)             Requested size: 128.0387pt x 72.01646pt.


LaTeX Warning: Reference `fig:sunion' on page 25 undefined on input line 244.


LaTeX Warning: Reference `fig:sinter' on page 25 undefined on input line 244.


LaTeX Warning: Reference `fig:ssub' on page 25 undefined on input line 244.

<imagens/smoothUnion.png, id=276, 338.26375pt x 315.1775pt>
File: imagens/smoothUnion.png Graphic file (type png)
<use imagens/smoothUnion.png>
Package pdftex.def Info: imagens/smoothUnion.png  used on input line 251.
(pdftex.def)             Requested size: 170.71718pt x 159.0696pt.
<imagens/smoothIntersection.png, id=277, 305.14pt x 260.975pt>
File: imagens/smoothIntersection.png Graphic file (type png)
<use imagens/smoothIntersection.png>
Package pdftex.def Info: imagens/smoothIntersection.png  used on input line 257.
(pdftex.def)             Requested size: 170.71718pt x 146.0136pt.
<imagens/smoothSubtraction.png, id=278, 257.96375pt x 262.9825pt>
File: imagens/smoothSubtraction.png Graphic file (type png)
<use imagens/smoothSubtraction.png>
Package pdftex.def Info: imagens/smoothSubtraction.png  used on input line 266.
(pdftex.def)             Requested size: 170.71718pt x 174.04248pt.
<imagens/desmos_smin.png, id=279, 869.2475pt x 602.25pt>
File: imagens/desmos_smin.png Graphic file (type png)
<use imagens/desmos_smin.png>
Package pdftex.def Info: imagens/desmos_smin.png  used on input line 272.
(pdftex.def)             Requested size: 170.71718pt x 118.27911pt.


[25 <./imagens/sdf-operations/cube.png> <./imagens/sdf-operations/sphere.png> <./imagens/sdf-operations/union.png> <./imagens/sdf-operations/intersection.png> <./imagens/sdf-operations/subtraction1.png> <./imagens/sdf-operations/subtraction2.png>]

[26 <./imagens/smoothUnion.png> <./imagens/smoothIntersection.png> <./imagens/smoothSubtraction.png> <./imagens/desmos_smin.png>]

LaTeX Warning: Reference `fig:smin' on page 27 undefined on input line 280.


LaTeX Warning: Reference `fig:smin' on page 27 undefined on input line 287.


LaTeX Warning: Reference `fig:sunion' on page 27 undefined on input line 294.

<imagens/smooth-sdf-operations/add-unsmooth.png, id=299, 803.0pt x 451.6875pt>
File: imagens/smooth-sdf-operations/add-unsmooth.png Graphic file (type png)
<use imagens/smooth-sdf-operations/add-unsmooth.png>
Package pdftex.def Info: imagens/smooth-sdf-operations/add-unsmooth.png  used on input line 303.
(pdftex.def)             Requested size: 128.0387pt x 72.01646pt.
<imagens/smooth-sdf-operations/subtraction-unsmooth.png, id=300, 803.0pt x 451.6875pt>
File: imagens/smooth-sdf-operations/subtraction-unsmooth.png Graphic file (type png)
<use imagens/smooth-sdf-operations/subtraction-unsmooth.png>
Package pdftex.def Info: imagens/smooth-sdf-operations/subtraction-unsmooth.png  used on input line 309.
(pdftex.def)             Requested size: 128.0387pt x 72.01646pt.
<imagens/smooth-sdf-operations/intersection-unsmooth.png, id=301, 803.0pt x 451.6875pt>
File: imagens/smooth-sdf-operations/intersection-unsmooth.png Graphic file (type png)
<use imagens/smooth-sdf-operations/intersection-unsmooth.png>
Package pdftex.def Info: imagens/smooth-sdf-operations/intersection-unsmooth.png  used on input line 315.
(pdftex.def)             Requested size: 128.0387pt x 72.01646pt.
<imagens/smooth-sdf-operations/add-smooth.png, id=302, 803.0pt x 451.6875pt>
File: imagens/smooth-sdf-operations/add-smooth.png Graphic file (type png)
<use imagens/smooth-sdf-operations/add-smooth.png>
Package pdftex.def Info: imagens/smooth-sdf-operations/add-smooth.png  used on input line 324.
(pdftex.def)             Requested size: 128.0387pt x 72.01646pt.
<imagens/smooth-sdf-operations/subtraction-smooth.png, id=303, 803.0pt x 451.6875pt>
File: imagens/smooth-sdf-operations/subtraction-smooth.png Graphic file (type png)
<use imagens/smooth-sdf-operations/subtraction-smooth.png>
Package pdftex.def Info: imagens/smooth-sdf-operations/subtraction-smooth.png  used on input line 330.
(pdftex.def)             Requested size: 128.0387pt x 72.01646pt.
<imagens/smooth-sdf-operations/intersection-smooth.png, id=304, 803.0pt x 451.6875pt>
File: imagens/smooth-sdf-operations/intersection-smooth.png Graphic file (type png)
<use imagens/smooth-sdf-operations/intersection-smooth.png>
Package pdftex.def Info: imagens/smooth-sdf-operations/intersection-smooth.png  used on input line 336.
(pdftex.def)             Requested size: 128.0387pt x 72.01646pt.

LaTeX Warning: `!h' float specifier changed to `!ht'.



[27]
<imagens/domainRepetition-circle.png, id=315, 700.6175pt x 393.47pt>
File: imagens/domainRepetition-circle.png Graphic file (type png)
<use imagens/domainRepetition-circle.png>
Package pdftex.def Info: imagens/domainRepetition-circle.png  used on input line 358.
(pdftex.def)             Requested size: 192.0548pt x 107.85936pt.
<imagens/domainRepetition-sine.png, id=316, 700.6175pt x 393.47pt>
File: imagens/domainRepetition-sine.png Graphic file (type png)
<use imagens/domainRepetition-sine.png>
Package pdftex.def Info: imagens/domainRepetition-sine.png  used on input line 364.
(pdftex.def)             Requested size: 192.0548pt x 107.85936pt.
<imagens/domainRepetition-round.png, id=317, 700.6175pt x 393.47pt>
File: imagens/domainRepetition-round.png Graphic file (type png)
<use imagens/domainRepetition-round.png>
Package pdftex.def Info: imagens/domainRepetition-round.png  used on input line 373.
(pdftex.def)             Requested size: 192.0548pt x 107.85936pt.
<imagens/domainRepetition-mod.png, id=318, 700.6175pt x 393.47pt>
File: imagens/domainRepetition-mod.png Graphic file (type png)
<use imagens/domainRepetition-mod.png>
Package pdftex.def Info: imagens/domainRepetition-mod.png  used on input line 379.
(pdftex.def)             Requested size: 192.0548pt x 107.85936pt.


LaTeX Warning: `!h' float specifier changed to `!ht'.


LaTeX Warning: Reference `fig:domainRepetition' on page 28 undefined on input line 387.


LaTeX Warning: Reference `fig:sdf-3d-domainRepetition' on page 28 undefined on input line 389.

<imagens/domain-repetition.png, id=319, 803.0pt x 451.6875pt>
File: imagens/domain-repetition.png Graphic file (type png)
<use imagens/domain-repetition.png>
Package pdftex.def Info: imagens/domain-repetition.png  used on input line 394.
(pdftex.def)             Requested size: 256.0774pt x 144.0467pt.


[28 <./imagens/smooth-sdf-operations/add-unsmooth.png> <./imagens/smooth-sdf-operations/subtraction-unsmooth.png> <./imagens/smooth-sdf-operations/intersection-unsmooth.png> <./imagens/smooth-sdf-operations/add-smooth.png> <./imagens/smooth-sdf-operations/subtraction-smooth.png> <./imagens/smooth-sdf-operations/intersection-smooth.png>]

[29 <./imagens/domainRepetition-circle.png> <./imagens/domainRepetition-sine.png> <./imagens/domainRepetition-round.png> <./imagens/domainRepetition-mod.png>]

[30 <./imagens/domain-repetition.png>]
<imagens/sdf-distortion/sin-cos-distortion.png, id=367, 700.6175pt x 394.47375pt>
File: imagens/sdf-distortion/sin-cos-distortion.png Graphic file (type png)
<use imagens/sdf-distortion/sin-cos-distortion.png>
Package pdftex.def Info: imagens/sdf-distortion/sin-cos-distortion.png  used on input line 435.
(pdftex.def)             Requested size: 256.0774pt x 144.18335pt.


LaTeX Warning: Reference `fig:sin-cos-distortion' on page 31 undefined on input line 440.

) (./elementos-textuais/capitulo-4.tex

[31 <./imagens/sdf-distortion/sin-cos-distortion.png>]
Chapter 4.


[32

]
Overfull \vbox (5.87726pt too high) has occurred while \output is active []



[33]

LaTeX Warning: Reference `alg:marchray_cloud' on page 34 undefined on input line 60.


LaTeX Warning: Reference `alg:marchray' on page 34 undefined on input line 60.


LaTeX Warning: Reference `fig:spheretracing' on page 34 undefined on input line 62.


LaTeX Warning: Reference `fig:no-noise-cloud' on page 34 undefined on input line 62.

<imagens/cloud-noise/no-noise-cloud.png, id=389, 700.6175pt x 394.47375pt>
File: imagens/cloud-noise/no-noise-cloud.png Graphic file (type png)
<use imagens/cloud-noise/no-noise-cloud.png>
Package pdftex.def Info: imagens/cloud-noise/no-noise-cloud.png  used on input line 74.
(pdftex.def)             Requested size: 256.0774pt x 144.18335pt.


[34 <./imagens/cloud-noise/no-noise-cloud.png>]

LaTeX Warning: Reference `fig:cloud_noise' on page 35 undefined on input line 87.

<imagens/cloud-noise/white-noise.png, id=402, 700.6175pt x 394.47375pt>
File: imagens/cloud-noise/white-noise.png Graphic file (type png)
<use imagens/cloud-noise/white-noise.png>
Package pdftex.def Info: imagens/cloud-noise/white-noise.png  used on input line 98.
(pdftex.def)             Requested size: 192.0548pt x 108.1345pt.
<imagens/cloud-noise/white-noise-cloud.png, id=403, 700.6175pt x 394.47375pt>
File: imagens/cloud-noise/white-noise-cloud.png Graphic file (type png)
<use imagens/cloud-noise/white-noise-cloud.png>
Package pdftex.def Info: imagens/cloud-noise/white-noise-cloud.png  used on input line 104.
(pdftex.def)             Requested size: 192.0548pt x 108.1345pt.
<imagens/cloud-noise/value-noise.png, id=404, 700.6175pt x 394.47375pt>
File: imagens/cloud-noise/value-noise.png Graphic file (type png)
<use imagens/cloud-noise/value-noise.png>
Package pdftex.def Info: imagens/cloud-noise/value-noise.png  used on input line 113.
(pdftex.def)             Requested size: 192.0548pt x 108.1345pt.
<imagens/cloud-noise/value-noise-cloud.png, id=405, 700.6175pt x 394.47375pt>
File: imagens/cloud-noise/value-noise-cloud.png Graphic file (type png)
<use imagens/cloud-noise/value-noise-cloud.png>
Package pdftex.def Info: imagens/cloud-noise/value-noise-cloud.png  used on input line 119.
(pdftex.def)             Requested size: 192.0548pt x 108.1345pt.

LaTeX Warning: `!h' float specifier changed to `!ht'.


LaTeX Warning: Reference `fig:fbm_clouds' on page 35 undefined on input line 129.

<imagens/cloud-noise/1-octave-fbm.png, id=406, 700.6175pt x 394.47375pt>
File: imagens/cloud-noise/1-octave-fbm.png Graphic file (type png)
<use imagens/cloud-noise/1-octave-fbm.png>
Package pdftex.def Info: imagens/cloud-noise/1-octave-fbm.png  used on input line 137.
(pdftex.def)             Requested size: 192.0548pt x 108.1345pt.
<imagens/cloud-noise/1-octave-fbm-cloud.png, id=407, 700.6175pt x 394.47375pt>
File: imagens/cloud-noise/1-octave-fbm-cloud.png Graphic file (type png)
<use imagens/cloud-noise/1-octave-fbm-cloud.png>
Package pdftex.def Info: imagens/cloud-noise/1-octave-fbm-cloud.png  used on input line 144.
(pdftex.def)             Requested size: 192.0548pt x 108.1345pt.
<imagens/cloud-noise/2-octaves-fbm.png, id=408, 700.6175pt x 394.47375pt>
File: imagens/cloud-noise/2-octaves-fbm.png Graphic file (type png)
<use imagens/cloud-noise/2-octaves-fbm.png>
Package pdftex.def Info: imagens/cloud-noise/2-octaves-fbm.png  used on input line 153.
(pdftex.def)             Requested size: 192.0548pt x 108.1345pt.
<imagens/cloud-noise/2-octaves-fbm-cloud.png, id=409, 700.6175pt x 394.47375pt>
File: imagens/cloud-noise/2-octaves-fbm-cloud.png Graphic file (type png)
<use imagens/cloud-noise/2-octaves-fbm-cloud.png>
Package pdftex.def Info: imagens/cloud-noise/2-octaves-fbm-cloud.png  used on input line 160.
(pdftex.def)             Requested size: 192.0548pt x 108.1345pt.
<imagens/cloud-noise/3-octaves-fbm.png, id=410, 700.6175pt x 394.47375pt>
File: imagens/cloud-noise/3-octaves-fbm.png Graphic file (type png)
<use imagens/cloud-noise/3-octaves-fbm.png>
Package pdftex.def Info: imagens/cloud-noise/3-octaves-fbm.png  used on input line 169.
(pdftex.def)             Requested size: 192.0548pt x 108.1345pt.
<imagens/cloud-noise/3-octaves-fbm-cloud.png, id=411, 700.6175pt x 394.47375pt>
File: imagens/cloud-noise/3-octaves-fbm-cloud.png Graphic file (type png)
<use imagens/cloud-noise/3-octaves-fbm-cloud.png>
Package pdftex.def Info: imagens/cloud-noise/3-octaves-fbm-cloud.png  used on input line 176.
(pdftex.def)             Requested size: 192.0548pt x 108.1345pt.
<imagens/cloud-noise/4-octaves-fbm.png, id=412, 700.6175pt x 394.47375pt>
File: imagens/cloud-noise/4-octaves-fbm.png Graphic file (type png)
<use imagens/cloud-noise/4-octaves-fbm.png>
Package pdftex.def Info: imagens/cloud-noise/4-octaves-fbm.png  used on input line 185.
(pdftex.def)             Requested size: 192.0548pt x 108.1345pt.

Overfull \hbox (77.72781pt too wide) in paragraph at lines 186--187
 []\T1/cmr/m/n/10.95 vn(uv)+vn(uv*2.)*0.5+vn(uv*4.)*0.25+vn(uv*8.)*0.125 
 []

<imagens/cloud-noise/4-octaves-fbm-cloud.png, id=413, 700.6175pt x 394.47375pt>
File: imagens/cloud-noise/4-octaves-fbm-cloud.png Graphic file (type png)
<use imagens/cloud-noise/4-octaves-fbm-cloud.png>
Package pdftex.def Info: imagens/cloud-noise/4-octaves-fbm-cloud.png  used on input line 192.
(pdftex.def)             Requested size: 192.0548pt x 108.1345pt.

LaTeX Warning: `!h' float specifier changed to `!ht'.



[35]

[36 <./imagens/cloud-noise/white-noise.png> <./imagens/cloud-noise/white-noise-cloud.png> <./imagens/cloud-noise/value-noise.png> <./imagens/cloud-noise/value-noise-cloud.png>]

[37 <./imagens/cloud-noise/1-octave-fbm.png> <./imagens/cloud-noise/1-octave-fbm-cloud.png> <./imagens/cloud-noise/2-octaves-fbm.png> <./imagens/cloud-noise/2-octaves-fbm-cloud.png> <./imagens/cloud-noise/3-octaves-fbm.png> <./imagens/cloud-noise/3-octaves-fbm-cloud.png> <./imagens/cloud-noise/4-octaves-fbm.png> <./imagens/cloud-noise/4-octaves-fbm-cloud.png>]
<imagens/cloud-noise/lit-cloud.png, id=448, 771.88374pt x 604.2575pt>
File: imagens/cloud-noise/lit-cloud.png Graphic file (type png)
<use imagens/cloud-noise/lit-cloud.png>
Package pdftex.def Info: imagens/cloud-noise/lit-cloud.png  used on input line 231.
(pdftex.def)             Requested size: 270.30118pt x 211.59471pt.
) (./elementos-textuais/capitulo-5.tex

[38 <./imagens/cloud-noise/lit-cloud.png>]
Chapter 5.
)

[39

]

[40]

[41] (./main.aux)
 ***********
LaTeX2e <2025-06-01> patch level 1
L3 programming layer <2025-09-02>
 ***********


LaTeX Warning: There were undefined references.


LaTeX Warning: Label(s) may have changed. Rerun to get cross-references right.


Package rerunfilecheck Warning: File `main.out' has changed.
(rerunfilecheck)                Rerun to get outlines right
(rerunfilecheck)                or use package `bookmark'.

Package rerunfilecheck Info: Checksums for `main.out':
(rerunfilecheck)             Before: <no file>
(rerunfilecheck)             After:  7F9839FBDDB13BD6A566837009512D2E;4067.

Package biblatex Warning: Please (re)run Biber on the file:
(biblatex)                main
(biblatex)                and rerun LaTeX afterwards.

Package logreq Info: Writing requests to 'main.run.xml'.
\openout1 = `main.run.xml'.

 ) 
Here is how much of TeX's memory you used:
 25743 strings out of 467797
 447209 string characters out of 5435982
 1380227 words of memory out of 5000000
 53864 multiletter control sequences out of 15000+600000
 649858 words of font info for 92 fonts, out of 8000000 for 9000
 1141 hyphenation exceptions out of 8191
 78i,12n,96p,1575b,2440s stack positions out of 10000i,1000n,20000p,200000b,200000s
<c:/texlive/2025/texmf-dist/fonts/type1/public/amsfonts/cm/cmbx12.pfb><c:/texlive/2025/texmf-dist/fonts/type1/public/amsfonts/cm/cmbx8.pfb><c:/texlive/2025/texmf-dist/fonts/type1/public/amsfonts/cm/cmex10.pfb><c:/texlive/2025/texmf-dist/fonts/type1/public/amsfonts/cm/cmmi12.pfb><c:/texlive/2025/texmf-dist/fonts/type1/public/amsfonts/cm/cmmi8.pfb><c:/texlive/2025/texmf-dist/fonts/type1/public/amsfonts/cm/cmr12.pfb><c:/texlive/2025/texmf-dist/fonts/type1/public/amsfonts/cm/cmr8.pfb><c:/texlive/2025/texmf-dist/fonts/type1/public/amsfonts/cm/cmsy10.pfb><c:/texlive/2025/texmf-dist/fonts/type1/public/amsfonts/symbols/msbm10.pfb><c:/texlive/2025/texmf-dist/fonts/type1/public/cm-super/sfbi1200.pfb><c:/texlive/2025/texmf-dist/fonts/type1/public/cm-super/sfbx1200.pfb><c:/texlive/2025/texmf-dist/fonts/type1/public/cm-super/sfcc1200.pfb><c:/texlive/2025/texmf-dist/fonts/type1/public/cm-super/sfrm0600.pfb><c:/texlive/2025/texmf-dist/fonts/type1/public/cm-super/sfrm0700.pfb><c:/texlive/2025/texmf-dist/fonts/type1/public/cm-super/sfrm0800.pfb><c:/texlive/2025/texmf-dist/fonts/type1/public/cm-super/sfrm1000.pfb><c:/texlive/2025/texmf-dist/fonts/type1/public/cm-super/sfrm1095.pfb><c:/texlive/2025/texmf-dist/fonts/type1/public/cm-super/sfrm1200.pfb><c:/texlive/2025/texmf-dist/fonts/type1/public/cm-super/sfti0800.pfb><c:/texlive/2025/texmf-dist/fonts/type1/public/cm-super/sfti1200.pfb><c:/texlive/2025/texmf-dist/fonts/type1/public/cm-super/sftt1000.pfb><c:/texlive/2025/texmf-dist/fonts/type1/public/cm-super/sftt1200.pfb>
Output written on main.pdf (43 pages, 4928966 bytes).
PDF statistics:
 646 PDF objects out of 1000 (max. 8388607)
 460 compressed objects within 5 object streams
 207 named destinations out of 1000 (max. 500000)
 246 words of extra memory for PDF output out of 10000 (max. 10000000)

